CRITICAL - 2023-11-09 17:25:57 --> Invalid file: "atractivosnaturales.php"
in SYSTEMPATH\Exceptions\FrameworkException.php on line 39.
 1 SYSTEMPATH\View\View.php(214): CodeIgniter\Exceptions\FrameworkException::forInvalidFile('atractivosnaturales.php')
 2 SYSTEMPATH\Common.php(1188): CodeIgniter\View\View->render('atractivosnaturales', [], true)
 3 APPPATH\Controllers\AtractivosNaturales.php(9): view('atractivosnaturales')
 4 SYSTEMPATH\CodeIgniter.php(919): App\Controllers\AtractivosNaturales->index()
 5 SYSTEMPATH\CodeIgniter.php(494): CodeIgniter\CodeIgniter->runController(Object(App\Controllers\AtractivosNaturales))
 6 SYSTEMPATH\CodeIgniter.php(353): CodeIgniter\CodeIgniter->handleRequest(null, Object(Config\Cache), false)
 7 FCPATH\index.php(79): CodeIgniter\CodeIgniter->run()
 8 SYSTEMPATH\Commands\Server\rewrite.php(47): require_once('C:\\xampp\\htdocs\\TeziuApp\\public\\index.php')
CRITICAL - 2023-11-09 17:25:59 --> Invalid file: "atractivos.php"
in SYSTEMPATH\Exceptions\FrameworkException.php on line 39.
 1 SYSTEMPATH\View\View.php(214): CodeIgniter\Exceptions\FrameworkException::forInvalidFile('atractivos.php')
 2 SYSTEMPATH\Common.php(1188): CodeIgniter\View\View->render('atractivos', [], true)
 3 APPPATH\Controllers\Atractivos.php(9): view('atractivos')
 4 SYSTEMPATH\CodeIgniter.php(919): App\Controllers\Atractivos->index()
 5 SYSTEMPATH\CodeIgniter.php(494): CodeIgniter\CodeIgniter->runController(Object(App\Controllers\Atractivos))
 6 SYSTEMPATH\CodeIgniter.php(353): CodeIgniter\CodeIgniter->handleRequest(null, Object(Config\Cache), false)
 7 FCPATH\index.php(79): CodeIgniter\CodeIgniter->run()
 8 SYSTEMPATH\Commands\Server\rewrite.php(47): require_once('C:\\xampp\\htdocs\\TeziuApp\\public\\index.php')
CRITICAL - 2023-11-09 17:26:04 --> Invalid file: "atractivos.php"
in SYSTEMPATH\Exceptions\FrameworkException.php on line 39.
 1 SYSTEMPATH\View\View.php(214): CodeIgniter\Exceptions\FrameworkException::forInvalidFile('atractivos.php')
 2 SYSTEMPATH\Common.php(1188): CodeIgniter\View\View->render('atractivos', [], true)
 3 APPPATH\Controllers\Atractivos.php(9): view('atractivos')
 4 SYSTEMPATH\CodeIgniter.php(919): App\Controllers\Atractivos->index()
 5 SYSTEMPATH\CodeIgniter.php(494): CodeIgniter\CodeIgniter->runController(Object(App\Controllers\Atractivos))
 6 SYSTEMPATH\CodeIgniter.php(353): CodeIgniter\CodeIgniter->handleRequest(null, Object(Config\Cache), false)
 7 FCPATH\index.php(79): CodeIgniter\CodeIgniter->run()
 8 SYSTEMPATH\Commands\Server\rewrite.php(47): require_once('C:\\xampp\\htdocs\\TeziuApp\\public\\index.php')
CRITICAL - 2023-11-09 17:26:09 --> Invalid file: "atractivos.php"
in SYSTEMPATH\Exceptions\FrameworkException.php on line 39.
 1 SYSTEMPATH\View\View.php(214): CodeIgniter\Exceptions\FrameworkException::forInvalidFile('atractivos.php')
 2 SYSTEMPATH\Common.php(1188): CodeIgniter\View\View->render('atractivos', [], true)
 3 APPPATH\Controllers\Atractivos.php(9): view('atractivos')
 4 SYSTEMPATH\CodeIgniter.php(919): App\Controllers\Atractivos->index()
 5 SYSTEMPATH\CodeIgniter.php(494): CodeIgniter\CodeIgniter->runController(Object(App\Controllers\Atractivos))
 6 SYSTEMPATH\CodeIgniter.php(353): CodeIgniter\CodeIgniter->handleRequest(null, Object(Config\Cache), false)
 7 FCPATH\index.php(79): CodeIgniter\CodeIgniter->run()
 8 SYSTEMPATH\Commands\Server\rewrite.php(47): require_once('C:\\xampp\\htdocs\\TeziuApp\\public\\index.php')
CRITICAL - 2023-11-09 17:26:48 --> Invalid file: "atractivos.php"
in SYSTEMPATH\Exceptions\FrameworkException.php on line 39.
 1 SYSTEMPATH\View\View.php(214): CodeIgniter\Exceptions\FrameworkException::forInvalidFile('atractivos.php')
 2 SYSTEMPATH\Common.php(1188): CodeIgniter\View\View->render('atractivos', [], true)
 3 APPPATH\Controllers\Atractivos.php(9): view('atractivos')
 4 SYSTEMPATH\CodeIgniter.php(919): App\Controllers\Atractivos->index()
 5 SYSTEMPATH\CodeIgniter.php(494): CodeIgniter\CodeIgniter->runController(Object(App\Controllers\Atractivos))
 6 SYSTEMPATH\CodeIgniter.php(353): CodeIgniter\CodeIgniter->handleRequest(null, Object(Config\Cache), false)
 7 FCPATH\index.php(79): CodeIgniter\CodeIgniter->run()
 8 SYSTEMPATH\Commands\Server\rewrite.php(47): require_once('C:\\xampp\\htdocs\\TeziuApp\\public\\index.php')
CRITICAL - 2023-11-09 17:27:36 --> include(navegacion.php): Failed to open stream: No such file or directory
in APPPATH\Views\atractivos\atractivos.php on line 16.
 1 APPPATH\Views\atractivos\atractivos.php(16): CodeIgniter\Debug\Exceptions->errorHandler(2, 'include(navegacion.php): Failed to open stream: No such file or directory', 'C:\\xampp\\htdocs\\TeziuApp\\app\\Views\\atractivos\\atractivos.php', 16)
 2 APPPATH\Views\atractivos\atractivos.php(16): include()
 3 SYSTEMPATH\View\View.php(226): include('C:\\xampp\\htdocs\\TeziuApp\\app\\Views\\atractivos\\atractivos.php')
 4 SYSTEMPATH\View\View.php(229): CodeIgniter\View\View->CodeIgniter\View\{closure}()
 5 SYSTEMPATH\Common.php(1188): CodeIgniter\View\View->render('atractivos/atractivos', [], true)
 6 APPPATH\Controllers\Atractivos.php(9): view('atractivos/atractivos')
 7 SYSTEMPATH\CodeIgniter.php(919): App\Controllers\Atractivos->index()
 8 SYSTEMPATH\CodeIgniter.php(494): CodeIgniter\CodeIgniter->runController(Object(App\Controllers\Atractivos))
 9 SYSTEMPATH\CodeIgniter.php(353): CodeIgniter\CodeIgniter->handleRequest(null, Object(Config\Cache), false)
10 FCPATH\index.php(79): CodeIgniter\CodeIgniter->run()
11 SYSTEMPATH\Commands\Server\rewrite.php(47): require_once('C:\\xampp\\htdocs\\TeziuApp\\public\\index.php')
CRITICAL - 2023-11-09 17:29:14 --> include(navegacion.php): Failed to open stream: No such file or directory
in APPPATH\Views\atractivos\atractivos.php on line 16.
 1 APPPATH\Views\atractivos\atractivos.php(16): CodeIgniter\Debug\Exceptions->errorHandler(2, 'include(navegacion.php): Failed to open stream: No such file or directory', 'C:\\xampp\\htdocs\\TeziuApp\\app\\Views\\atractivos\\atractivos.php', 16)
 2 APPPATH\Views\atractivos\atractivos.php(16): include()
 3 SYSTEMPATH\View\View.php(226): include('C:\\xampp\\htdocs\\TeziuApp\\app\\Views\\atractivos\\atractivos.php')
 4 SYSTEMPATH\View\View.php(229): CodeIgniter\View\View->CodeIgniter\View\{closure}()
 5 SYSTEMPATH\Common.php(1188): CodeIgniter\View\View->render('atractivos/atractivos.php', [], true)
 6 APPPATH\Controllers\Atractivos.php(9): view('atractivos/atractivos.php')
 7 SYSTEMPATH\CodeIgniter.php(919): App\Controllers\Atractivos->index()
 8 SYSTEMPATH\CodeIgniter.php(494): CodeIgniter\CodeIgniter->runController(Object(App\Controllers\Atractivos))
 9 SYSTEMPATH\CodeIgniter.php(353): CodeIgniter\CodeIgniter->handleRequest(null, Object(Config\Cache), false)
10 FCPATH\index.php(79): CodeIgniter\CodeIgniter->run()
11 SYSTEMPATH\Commands\Server\rewrite.php(47): require_once('C:\\xampp\\htdocs\\TeziuApp\\public\\index.php')
CRITICAL - 2023-11-09 17:29:42 --> include(navegacion.php): Failed to open stream: No such file or directory
in APPPATH\Views\atractivos\atractivos.php on line 16.
 1 APPPATH\Views\atractivos\atractivos.php(16): CodeIgniter\Debug\Exceptions->errorHandler(2, 'include(navegacion.php): Failed to open stream: No such file or directory', 'C:\\xampp\\htdocs\\TeziuApp\\app\\Views\\atractivos\\atractivos.php', 16)
 2 APPPATH\Views\atractivos\atractivos.php(16): include()
 3 SYSTEMPATH\View\View.php(226): include('C:\\xampp\\htdocs\\TeziuApp\\app\\Views\\atractivos\\atractivos.php')
 4 SYSTEMPATH\View\View.php(229): CodeIgniter\View\View->CodeIgniter\View\{closure}()
 5 SYSTEMPATH\Common.php(1188): CodeIgniter\View\View->render('atractivos/atractivos', [], true)
 6 APPPATH\Controllers\Atractivos.php(9): view('atractivos/atractivos')
 7 SYSTEMPATH\CodeIgniter.php(919): App\Controllers\Atractivos->index()
 8 SYSTEMPATH\CodeIgniter.php(494): CodeIgniter\CodeIgniter->runController(Object(App\Controllers\Atractivos))
 9 SYSTEMPATH\CodeIgniter.php(353): CodeIgniter\CodeIgniter->handleRequest(null, Object(Config\Cache), false)
10 FCPATH\index.php(79): CodeIgniter\CodeIgniter->run()
11 SYSTEMPATH\Commands\Server\rewrite.php(47): require_once('C:\\xampp\\htdocs\\TeziuApp\\public\\index.php')
CRITICAL - 2023-11-09 17:29:44 --> include(navegacion.php): Failed to open stream: No such file or directory
in APPPATH\Views\atractivos\atractivos.php on line 16.
 1 APPPATH\Views\atractivos\atractivos.php(16): CodeIgniter\Debug\Exceptions->errorHandler(2, 'include(navegacion.php): Failed to open stream: No such file or directory', 'C:\\xampp\\htdocs\\TeziuApp\\app\\Views\\atractivos\\atractivos.php', 16)
 2 APPPATH\Views\atractivos\atractivos.php(16): include()
 3 SYSTEMPATH\View\View.php(226): include('C:\\xampp\\htdocs\\TeziuApp\\app\\Views\\atractivos\\atractivos.php')
 4 SYSTEMPATH\View\View.php(229): CodeIgniter\View\View->CodeIgniter\View\{closure}()
 5 SYSTEMPATH\Common.php(1188): CodeIgniter\View\View->render('atractivos/atractivos', [], true)
 6 APPPATH\Controllers\Atractivos.php(9): view('atractivos/atractivos')
 7 SYSTEMPATH\CodeIgniter.php(919): App\Controllers\Atractivos->index()
 8 SYSTEMPATH\CodeIgniter.php(494): CodeIgniter\CodeIgniter->runController(Object(App\Controllers\Atractivos))
 9 SYSTEMPATH\CodeIgniter.php(353): CodeIgniter\CodeIgniter->handleRequest(null, Object(Config\Cache), false)
10 FCPATH\index.php(79): CodeIgniter\CodeIgniter->run()
11 SYSTEMPATH\Commands\Server\rewrite.php(47): require_once('C:\\xampp\\htdocs\\TeziuApp\\public\\index.php')
CRITICAL - 2023-11-09 17:29:49 --> include(navegacion.php): Failed to open stream: No such file or directory
in APPPATH\Views\atractivos\atractivos.php on line 16.
 1 APPPATH\Views\atractivos\atractivos.php(16): CodeIgniter\Debug\Exceptions->errorHandler(2, 'include(navegacion.php): Failed to open stream: No such file or directory', 'C:\\xampp\\htdocs\\TeziuApp\\app\\Views\\atractivos\\atractivos.php', 16)
 2 APPPATH\Views\atractivos\atractivos.php(16): include()
 3 SYSTEMPATH\View\View.php(226): include('C:\\xampp\\htdocs\\TeziuApp\\app\\Views\\atractivos\\atractivos.php')
 4 SYSTEMPATH\View\View.php(229): CodeIgniter\View\View->CodeIgniter\View\{closure}()
 5 SYSTEMPATH\Common.php(1188): CodeIgniter\View\View->render('atractivos/atractivos', [], true)
 6 APPPATH\Controllers\Atractivos.php(9): view('atractivos/atractivos')
 7 SYSTEMPATH\CodeIgniter.php(919): App\Controllers\Atractivos->index()
 8 SYSTEMPATH\CodeIgniter.php(494): CodeIgniter\CodeIgniter->runController(Object(App\Controllers\Atractivos))
 9 SYSTEMPATH\CodeIgniter.php(353): CodeIgniter\CodeIgniter->handleRequest(null, Object(Config\Cache), false)
10 FCPATH\index.php(79): CodeIgniter\CodeIgniter->run()
11 SYSTEMPATH\Commands\Server\rewrite.php(47): require_once('C:\\xampp\\htdocs\\TeziuApp\\public\\index.php')
CRITICAL - 2023-11-09 17:36:33 --> include(navegacion.php): Failed to open stream: No such file or directory
in APPPATH\Views\atractivos\atractivos.php on line 16.
 1 APPPATH\Views\atractivos\atractivos.php(16): CodeIgniter\Debug\Exceptions->errorHandler(2, 'include(navegacion.php): Failed to open stream: No such file or directory', 'C:\\xampp\\htdocs\\TeziuApp\\app\\Views\\atractivos\\atractivos.php', 16)
 2 APPPATH\Views\atractivos\atractivos.php(16): include()
 3 SYSTEMPATH\View\View.php(226): include('C:\\xampp\\htdocs\\TeziuApp\\app\\Views\\atractivos\\atractivos.php')
 4 SYSTEMPATH\View\View.php(229): CodeIgniter\View\View->CodeIgniter\View\{closure}()
 5 SYSTEMPATH\Common.php(1188): CodeIgniter\View\View->render('atractivos/atractivos', [], true)
 6 APPPATH\Controllers\Atractivos.php(9): view('atractivos/atractivos')
 7 SYSTEMPATH\CodeIgniter.php(919): App\Controllers\Atractivos->index()
 8 SYSTEMPATH\CodeIgniter.php(494): CodeIgniter\CodeIgniter->runController(Object(App\Controllers\Atractivos))
 9 SYSTEMPATH\CodeIgniter.php(353): CodeIgniter\CodeIgniter->handleRequest(null, Object(Config\Cache), false)
10 FCPATH\index.php(79): CodeIgniter\CodeIgniter->run()
11 SYSTEMPATH\Commands\Server\rewrite.php(47): require_once('C:\\xampp\\htdocs\\TeziuApp\\public\\index.php')
