CRITICAL - 2023-11-29 09:24:41 --> Undefined variable $hotel
in APPPATH\Views\hotel\editar.php on line 7.
 1 APPPATH\Views\hotel\editar.php(7): CodeIgniter\Debug\Exceptions->errorHandler(2, 'Undefined variable $hotel', 'C:\\xampp\\htdocs\\TeziuApp\\app\\Views\\hotel\\editar.php', 7)
 2 SYSTEMPATH\View\View.php(226): include('C:\\xampp\\htdocs\\TeziuApp\\app\\Views\\hotel\\editar.php')
 3 SYSTEMPATH\View\View.php(229): CodeIgniter\View\View->CodeIgniter\View\{closure}()
 4 SYSTEMPATH\Common.php(1188): CodeIgniter\View\View->render('hotel/editar', [], true)
 5 APPPATH\Controllers\Hotel.php(84): view('hotel/editar', [...])
 6 SYSTEMPATH\CodeIgniter.php(919): App\Controllers\Hotel->editar('8')
 7 SYSTEMPATH\CodeIgniter.php(494): CodeIgniter\CodeIgniter->runController(Object(App\Controllers\Hotel))
 8 SYSTEMPATH\CodeIgniter.php(353): CodeIgniter\CodeIgniter->handleRequest(null, Object(Config\Cache), false)
 9 FCPATH\index.php(79): CodeIgniter\CodeIgniter->run()
10 SYSTEMPATH\Commands\Server\rewrite.php(47): require_once('C:\\xampp\\htdocs\\TeziuApp\\public\\index.php')
CRITICAL - 2023-11-29 09:25:43 --> Undefined variable $hotel
in APPPATH\Views\hotel\editar.php on line 7.
 1 APPPATH\Views\hotel\editar.php(7): CodeIgniter\Debug\Exceptions->errorHandler(2, 'Undefined variable $hotel', 'C:\\xampp\\htdocs\\TeziuApp\\app\\Views\\hotel\\editar.php', 7)
 2 SYSTEMPATH\View\View.php(226): include('C:\\xampp\\htdocs\\TeziuApp\\app\\Views\\hotel\\editar.php')
 3 SYSTEMPATH\View\View.php(229): CodeIgniter\View\View->CodeIgniter\View\{closure}()
 4 SYSTEMPATH\Common.php(1188): CodeIgniter\View\View->render('hotel/editar', [], true)
 5 APPPATH\Controllers\Hotel.php(84): view('hotel/editar', [...])
 6 SYSTEMPATH\CodeIgniter.php(919): App\Controllers\Hotel->editar('8')
 7 SYSTEMPATH\CodeIgniter.php(494): CodeIgniter\CodeIgniter->runController(Object(App\Controllers\Hotel))
 8 SYSTEMPATH\CodeIgniter.php(353): CodeIgniter\CodeIgniter->handleRequest(null, Object(Config\Cache), false)
 9 FCPATH\index.php(79): CodeIgniter\CodeIgniter->run()
10 SYSTEMPATH\Commands\Server\rewrite.php(47): require_once('C:\\xampp\\htdocs\\TeziuApp\\public\\index.php')
CRITICAL - 2023-11-29 09:36:29 --> Undefined variable $hotel
in APPPATH\Views\hotel\editar.php on line 7.
 1 APPPATH\Views\hotel\editar.php(7): CodeIgniter\Debug\Exceptions->errorHandler(2, 'Undefined variable $hotel', 'C:\\xampp\\htdocs\\TeziuApp\\app\\Views\\hotel\\editar.php', 7)
 2 SYSTEMPATH\View\View.php(226): include('C:\\xampp\\htdocs\\TeziuApp\\app\\Views\\hotel\\editar.php')
 3 SYSTEMPATH\View\View.php(229): CodeIgniter\View\View->CodeIgniter\View\{closure}()
 4 SYSTEMPATH\Common.php(1188): CodeIgniter\View\View->render('hotel/editar', [], true)
 5 APPPATH\Controllers\Hotel.php(84): view('hotel/editar', [...])
 6 SYSTEMPATH\CodeIgniter.php(919): App\Controllers\Hotel->editar('5')
 7 SYSTEMPATH\CodeIgniter.php(494): CodeIgniter\CodeIgniter->runController(Object(App\Controllers\Hotel))
 8 SYSTEMPATH\CodeIgniter.php(353): CodeIgniter\CodeIgniter->handleRequest(null, Object(Config\Cache), false)
 9 FCPATH\index.php(79): CodeIgniter\CodeIgniter->run()
10 SYSTEMPATH\Commands\Server\rewrite.php(47): require_once('C:\\xampp\\htdocs\\TeziuApp\\public\\index.php')
CRITICAL - 2023-11-29 09:40:29 --> Undefined variable $hotel
in APPPATH\Views\hotel\editar.php on line 7.
 1 APPPATH\Views\hotel\editar.php(7): CodeIgniter\Debug\Exceptions->errorHandler(2, 'Undefined variable $hotel', 'C:\\xampp\\htdocs\\TeziuApp\\app\\Views\\hotel\\editar.php', 7)
 2 SYSTEMPATH\View\View.php(226): include('C:\\xampp\\htdocs\\TeziuApp\\app\\Views\\hotel\\editar.php')
 3 SYSTEMPATH\View\View.php(229): CodeIgniter\View\View->CodeIgniter\View\{closure}()
 4 SYSTEMPATH\Common.php(1188): CodeIgniter\View\View->render('hotel/editar', [], true)
 5 APPPATH\Controllers\Hotel.php(84): view('hotel/editar', [...])
 6 SYSTEMPATH\CodeIgniter.php(919): App\Controllers\Hotel->editar('5')
 7 SYSTEMPATH\CodeIgniter.php(494): CodeIgniter\CodeIgniter->runController(Object(App\Controllers\Hotel))
 8 SYSTEMPATH\CodeIgniter.php(353): CodeIgniter\CodeIgniter->handleRequest(null, Object(Config\Cache), false)
 9 FCPATH\index.php(79): CodeIgniter\CodeIgniter->run()
10 SYSTEMPATH\Commands\Server\rewrite.php(47): require_once('C:\\xampp\\htdocs\\TeziuApp\\public\\index.php')
CRITICAL - 2023-11-29 09:43:21 --> Undefined variable $hotel
in APPPATH\Views\hotel\editar.php on line 7.
 1 APPPATH\Views\hotel\editar.php(7): CodeIgniter\Debug\Exceptions->errorHandler(2, 'Undefined variable $hotel', 'C:\\xampp\\htdocs\\TeziuApp\\app\\Views\\hotel\\editar.php', 7)
 2 SYSTEMPATH\View\View.php(226): include('C:\\xampp\\htdocs\\TeziuApp\\app\\Views\\hotel\\editar.php')
 3 SYSTEMPATH\View\View.php(229): CodeIgniter\View\View->CodeIgniter\View\{closure}()
 4 SYSTEMPATH\Common.php(1188): CodeIgniter\View\View->render('hotel/editar', [], true)
 5 APPPATH\Controllers\Hotel.php(84): view('hotel/editar', [...])
 6 SYSTEMPATH\CodeIgniter.php(919): App\Controllers\Hotel->editar('5')
 7 SYSTEMPATH\CodeIgniter.php(494): CodeIgniter\CodeIgniter->runController(Object(App\Controllers\Hotel))
 8 SYSTEMPATH\CodeIgniter.php(353): CodeIgniter\CodeIgniter->handleRequest(null, Object(Config\Cache), false)
 9 FCPATH\index.php(79): CodeIgniter\CodeIgniter->run()
10 SYSTEMPATH\Commands\Server\rewrite.php(47): require_once('C:\\xampp\\htdocs\\TeziuApp\\public\\index.php')
CRITICAL - 2023-11-29 09:52:25 --> Undefined variable $hotel
in APPPATH\Views\hotel\editar.php on line 7.
 1 APPPATH\Views\hotel\editar.php(7): CodeIgniter\Debug\Exceptions->errorHandler(2, 'Undefined variable $hotel', 'C:\\xampp\\htdocs\\TeziuApp\\app\\Views\\hotel\\editar.php', 7)
 2 SYSTEMPATH\View\View.php(226): include('C:\\xampp\\htdocs\\TeziuApp\\app\\Views\\hotel\\editar.php')
 3 SYSTEMPATH\View\View.php(229): CodeIgniter\View\View->CodeIgniter\View\{closure}()
 4 SYSTEMPATH\Common.php(1188): CodeIgniter\View\View->render('hotel/editar', [], true)
 5 APPPATH\Controllers\Hotel.php(84): view('hotel/editar', [...])
 6 SYSTEMPATH\CodeIgniter.php(919): App\Controllers\Hotel->editar('5')
 7 SYSTEMPATH\CodeIgniter.php(494): CodeIgniter\CodeIgniter->runController(Object(App\Controllers\Hotel))
 8 SYSTEMPATH\CodeIgniter.php(353): CodeIgniter\CodeIgniter->handleRequest(null, Object(Config\Cache), false)
 9 FCPATH\index.php(79): CodeIgniter\CodeIgniter->run()
10 SYSTEMPATH\Commands\Server\rewrite.php(47): require_once('C:\\xampp\\htdocs\\TeziuApp\\public\\index.php')
CRITICAL - 2023-11-29 09:52:27 --> Undefined variable $hotel
in APPPATH\Views\hotel\editar.php on line 7.
 1 APPPATH\Views\hotel\editar.php(7): CodeIgniter\Debug\Exceptions->errorHandler(2, 'Undefined variable $hotel', 'C:\\xampp\\htdocs\\TeziuApp\\app\\Views\\hotel\\editar.php', 7)
 2 SYSTEMPATH\View\View.php(226): include('C:\\xampp\\htdocs\\TeziuApp\\app\\Views\\hotel\\editar.php')
 3 SYSTEMPATH\View\View.php(229): CodeIgniter\View\View->CodeIgniter\View\{closure}()
 4 SYSTEMPATH\Common.php(1188): CodeIgniter\View\View->render('hotel/editar', [], true)
 5 APPPATH\Controllers\Hotel.php(84): view('hotel/editar', [...])
 6 SYSTEMPATH\CodeIgniter.php(919): App\Controllers\Hotel->editar('5')
 7 SYSTEMPATH\CodeIgniter.php(494): CodeIgniter\CodeIgniter->runController(Object(App\Controllers\Hotel))
 8 SYSTEMPATH\CodeIgniter.php(353): CodeIgniter\CodeIgniter->handleRequest(null, Object(Config\Cache), false)
 9 FCPATH\index.php(79): CodeIgniter\CodeIgniter->run()
10 SYSTEMPATH\Commands\Server\rewrite.php(47): require_once('C:\\xampp\\htdocs\\TeziuApp\\public\\index.php')
CRITICAL - 2023-11-29 09:55:16 --> Undefined variable $hotel
in APPPATH\Views\hotel\editar.php on line 7.
 1 APPPATH\Views\hotel\editar.php(7): CodeIgniter\Debug\Exceptions->errorHandler(2, 'Undefined variable $hotel', 'C:\\xampp\\htdocs\\TeziuApp\\app\\Views\\hotel\\editar.php', 7)
 2 SYSTEMPATH\View\View.php(226): include('C:\\xampp\\htdocs\\TeziuApp\\app\\Views\\hotel\\editar.php')
 3 SYSTEMPATH\View\View.php(229): CodeIgniter\View\View->CodeIgniter\View\{closure}()
 4 SYSTEMPATH\Common.php(1188): CodeIgniter\View\View->render('hotel/editar', [], true)
 5 APPPATH\Controllers\Hotel.php(84): view('hotel/editar', [...])
 6 SYSTEMPATH\CodeIgniter.php(919): App\Controllers\Hotel->editar('5')
 7 SYSTEMPATH\CodeIgniter.php(494): CodeIgniter\CodeIgniter->runController(Object(App\Controllers\Hotel))
 8 SYSTEMPATH\CodeIgniter.php(353): CodeIgniter\CodeIgniter->handleRequest(null, Object(Config\Cache), false)
 9 FCPATH\index.php(79): CodeIgniter\CodeIgniter->run()
10 SYSTEMPATH\Commands\Server\rewrite.php(47): require_once('C:\\xampp\\htdocs\\TeziuApp\\public\\index.php')
CRITICAL - 2023-11-29 09:59:16 --> Undefined variable $hotel
in APPPATH\Views\hotel\editar.php on line 7.
 1 APPPATH\Views\hotel\editar.php(7): CodeIgniter\Debug\Exceptions->errorHandler(2, 'Undefined variable $hotel', 'C:\\xampp\\htdocs\\TeziuApp\\app\\Views\\hotel\\editar.php', 7)
 2 SYSTEMPATH\View\View.php(226): include('C:\\xampp\\htdocs\\TeziuApp\\app\\Views\\hotel\\editar.php')
 3 SYSTEMPATH\View\View.php(229): CodeIgniter\View\View->CodeIgniter\View\{closure}()
 4 SYSTEMPATH\Common.php(1188): CodeIgniter\View\View->render('hotel/editar', [], true)
 5 APPPATH\Controllers\Hotel.php(84): view('hotel/editar', [...])
 6 SYSTEMPATH\CodeIgniter.php(919): App\Controllers\Hotel->editar('5')
 7 SYSTEMPATH\CodeIgniter.php(494): CodeIgniter\CodeIgniter->runController(Object(App\Controllers\Hotel))
 8 SYSTEMPATH\CodeIgniter.php(353): CodeIgniter\CodeIgniter->handleRequest(null, Object(Config\Cache), false)
 9 FCPATH\index.php(79): CodeIgniter\CodeIgniter->run()
10 SYSTEMPATH\Commands\Server\rewrite.php(47): require_once('C:\\xampp\\htdocs\\TeziuApp\\public\\index.php')
CRITICAL - 2023-11-29 09:59:47 --> Undefined variable $routes
in APPPATH\Views\hotel\editar.php on line 7.
 1 APPPATH\Views\hotel\editar.php(7): CodeIgniter\Debug\Exceptions->errorHandler(2, 'Undefined variable $routes', 'C:\\xampp\\htdocs\\TeziuApp\\app\\Views\\hotel\\editar.php', 7)
 2 SYSTEMPATH\View\View.php(226): include('C:\\xampp\\htdocs\\TeziuApp\\app\\Views\\hotel\\editar.php')
 3 SYSTEMPATH\View\View.php(229): CodeIgniter\View\View->CodeIgniter\View\{closure}()
 4 SYSTEMPATH\Common.php(1188): CodeIgniter\View\View->render('hotel/editar', [], true)
 5 APPPATH\Controllers\Hotel.php(84): view('hotel/editar', [...])
 6 SYSTEMPATH\CodeIgniter.php(919): App\Controllers\Hotel->editar('5')
 7 SYSTEMPATH\CodeIgniter.php(494): CodeIgniter\CodeIgniter->runController(Object(App\Controllers\Hotel))
 8 SYSTEMPATH\CodeIgniter.php(353): CodeIgniter\CodeIgniter->handleRequest(null, Object(Config\Cache), false)
 9 FCPATH\index.php(79): CodeIgniter\CodeIgniter->run()
10 SYSTEMPATH\Commands\Server\rewrite.php(47): require_once('C:\\xampp\\htdocs\\TeziuApp\\public\\index.php')
CRITICAL - 2023-11-29 10:05:10 --> Undefined variable $hotel
in APPPATH\Views\hotel\editar.php on line 7.
 1 APPPATH\Views\hotel\editar.php(7): CodeIgniter\Debug\Exceptions->errorHandler(2, 'Undefined variable $hotel', 'C:\\xampp\\htdocs\\TeziuApp\\app\\Views\\hotel\\editar.php', 7)
 2 SYSTEMPATH\View\View.php(226): include('C:\\xampp\\htdocs\\TeziuApp\\app\\Views\\hotel\\editar.php')
 3 SYSTEMPATH\View\View.php(229): CodeIgniter\View\View->CodeIgniter\View\{closure}()
 4 SYSTEMPATH\Common.php(1188): CodeIgniter\View\View->render('hotel/editar', [], true)
 5 APPPATH\Controllers\Hotel.php(84): view('hotel/editar', [...])
 6 SYSTEMPATH\CodeIgniter.php(919): App\Controllers\Hotel->editar('5')
 7 SYSTEMPATH\CodeIgniter.php(494): CodeIgniter\CodeIgniter->runController(Object(App\Controllers\Hotel))
 8 SYSTEMPATH\CodeIgniter.php(353): CodeIgniter\CodeIgniter->handleRequest(null, Object(Config\Cache), false)
 9 FCPATH\index.php(79): CodeIgniter\CodeIgniter->run()
10 SYSTEMPATH\Commands\Server\rewrite.php(47): require_once('C:\\xampp\\htdocs\\TeziuApp\\public\\index.php')
CRITICAL - 2023-11-29 10:05:47 --> Undefined variable $hotel
in APPPATH\Views\hotel\editar.php on line 7.
 1 APPPATH\Views\hotel\editar.php(7): CodeIgniter\Debug\Exceptions->errorHandler(2, 'Undefined variable $hotel', 'C:\\xampp\\htdocs\\TeziuApp\\app\\Views\\hotel\\editar.php', 7)
 2 SYSTEMPATH\View\View.php(226): include('C:\\xampp\\htdocs\\TeziuApp\\app\\Views\\hotel\\editar.php')
 3 SYSTEMPATH\View\View.php(229): CodeIgniter\View\View->CodeIgniter\View\{closure}()
 4 SYSTEMPATH\Common.php(1188): CodeIgniter\View\View->render('hotel/editar', [], true)
 5 APPPATH\Controllers\Hotel.php(84): view('hotel/editar', [...])
 6 SYSTEMPATH\CodeIgniter.php(919): App\Controllers\Hotel->editar('5')
 7 SYSTEMPATH\CodeIgniter.php(494): CodeIgniter\CodeIgniter->runController(Object(App\Controllers\Hotel))
 8 SYSTEMPATH\CodeIgniter.php(353): CodeIgniter\CodeIgniter->handleRequest(null, Object(Config\Cache), false)
 9 FCPATH\index.php(79): CodeIgniter\CodeIgniter->run()
10 SYSTEMPATH\Commands\Server\rewrite.php(47): require_once('C:\\xampp\\htdocs\\TeziuApp\\public\\index.php')
CRITICAL - 2023-11-29 10:06:38 --> Undefined variable $hotel
in APPPATH\Views\hotel\editar.php on line 7.
 1 APPPATH\Views\hotel\editar.php(7): CodeIgniter\Debug\Exceptions->errorHandler(2, 'Undefined variable $hotel', 'C:\\xampp\\htdocs\\TeziuApp\\app\\Views\\hotel\\editar.php', 7)
 2 SYSTEMPATH\View\View.php(226): include('C:\\xampp\\htdocs\\TeziuApp\\app\\Views\\hotel\\editar.php')
 3 SYSTEMPATH\View\View.php(229): CodeIgniter\View\View->CodeIgniter\View\{closure}()
 4 SYSTEMPATH\Common.php(1188): CodeIgniter\View\View->render('hotel/editar', [], true)
 5 APPPATH\Controllers\Hotel.php(84): view('hotel/editar', [...])
 6 SYSTEMPATH\CodeIgniter.php(919): App\Controllers\Hotel->editar('5')
 7 SYSTEMPATH\CodeIgniter.php(494): CodeIgniter\CodeIgniter->runController(Object(App\Controllers\Hotel))
 8 SYSTEMPATH\CodeIgniter.php(353): CodeIgniter\CodeIgniter->handleRequest(null, Object(Config\Cache), false)
 9 FCPATH\index.php(79): CodeIgniter\CodeIgniter->run()
10 SYSTEMPATH\Commands\Server\rewrite.php(47): require_once('C:\\xampp\\htdocs\\TeziuApp\\public\\index.php')
CRITICAL - 2023-11-29 10:06:50 --> Undefined variable $hotel
in APPPATH\Views\hotel\editar.php on line 7.
 1 APPPATH\Views\hotel\editar.php(7): CodeIgniter\Debug\Exceptions->errorHandler(2, 'Undefined variable $hotel', 'C:\\xampp\\htdocs\\TeziuApp\\app\\Views\\hotel\\editar.php', 7)
 2 SYSTEMPATH\View\View.php(226): include('C:\\xampp\\htdocs\\TeziuApp\\app\\Views\\hotel\\editar.php')
 3 SYSTEMPATH\View\View.php(229): CodeIgniter\View\View->CodeIgniter\View\{closure}()
 4 SYSTEMPATH\Common.php(1188): CodeIgniter\View\View->render('hotel/editar', [], true)
 5 APPPATH\Controllers\Hotel.php(84): view('hotel/editar', [...])
 6 SYSTEMPATH\CodeIgniter.php(919): App\Controllers\Hotel->editar('5')
 7 SYSTEMPATH\CodeIgniter.php(494): CodeIgniter\CodeIgniter->runController(Object(App\Controllers\Hotel))
 8 SYSTEMPATH\CodeIgniter.php(353): CodeIgniter\CodeIgniter->handleRequest(null, Object(Config\Cache), false)
 9 FCPATH\index.php(79): CodeIgniter\CodeIgniter->run()
10 SYSTEMPATH\Commands\Server\rewrite.php(47): require_once('C:\\xampp\\htdocs\\TeziuApp\\public\\index.php')
CRITICAL - 2023-11-29 10:25:02 --> Undefined variable $adoptadores
in APPPATH\Views\hotel\mostrar.php on line 32.
 1 APPPATH\Views\hotel\mostrar.php(32): CodeIgniter\Debug\Exceptions->errorHandler(2, 'Undefined variable $adoptadores', 'C:\\xampp\\htdocs\\TeziuApp\\app\\Views\\hotel\\mostrar.php', 32)
 2 SYSTEMPATH\View\View.php(226): include('C:\\xampp\\htdocs\\TeziuApp\\app\\Views\\hotel\\mostrar.php')
 3 SYSTEMPATH\View\View.php(229): CodeIgniter\View\View->CodeIgniter\View\{closure}()
 4 SYSTEMPATH\Common.php(1188): CodeIgniter\View\View->render('hotel/mostrar', [], true)
 5 APPPATH\Controllers\Hotel.php(19): view('hotel/mostrar', [...])
 6 SYSTEMPATH\CodeIgniter.php(919): App\Controllers\Hotel->mostrar()
 7 SYSTEMPATH\CodeIgniter.php(494): CodeIgniter\CodeIgniter->runController(Object(App\Controllers\Hotel))
 8 SYSTEMPATH\CodeIgniter.php(353): CodeIgniter\CodeIgniter->handleRequest(null, Object(Config\Cache), false)
 9 FCPATH\index.php(79): CodeIgniter\CodeIgniter->run()
10 SYSTEMPATH\Commands\Server\rewrite.php(47): require_once('C:\\xampp\\htdocs\\TeziuApp\\public\\index.php')
CRITICAL - 2023-11-29 18:29:26 --> Call to a member function findAll() on null
in APPPATH\Controllers\Festividad.php on line 15.
 1 SYSTEMPATH\CodeIgniter.php(919): App\Controllers\Festividad->mostrar()
 2 SYSTEMPATH\CodeIgniter.php(494): CodeIgniter\CodeIgniter->runController(Object(App\Controllers\Festividad))
 3 SYSTEMPATH\CodeIgniter.php(353): CodeIgniter\CodeIgniter->handleRequest(null, Object(Config\Cache), false)
 4 FCPATH\index.php(79): CodeIgniter\CodeIgniter->run()
 5 SYSTEMPATH\Commands\Server\rewrite.php(47): require_once('C:\\xampp\\htdocs\\TeziuApp\\public\\index.php')
