CRITICAL - 2023-11-16 18:08:01 --> Undefined property: stdClass::$nombre_restaurante
in APPPATH\Views\gastronomia\mostrar.php on line 25.
 1 APPPATH\Views\gastronomia\mostrar.php(25): CodeIgniter\Debug\Exceptions->errorHandler(2, 'Undefined property: stdClass::$nombre_restaurante', 'C:\\xampp\\htdocs\\TeziuApp\\app\\Views\\gastronomia\\mostrar.php', 25)
 2 SYSTEMPATH\View\View.php(226): include('C:\\xampp\\htdocs\\TeziuApp\\app\\Views\\gastronomia\\mostrar.php')
 3 SYSTEMPATH\View\View.php(229): CodeIgniter\View\View->CodeIgniter\View\{closure}()
 4 SYSTEMPATH\Common.php(1188): CodeIgniter\View\View->render('gastronomia/mostrar', [], true)
 5 APPPATH\Controllers\Gastronomia.php(19): view('gastronomia/mostrar', [...])
 6 SYSTEMPATH\CodeIgniter.php(919): App\Controllers\Gastronomia->mostrar()
 7 SYSTEMPATH\CodeIgniter.php(494): CodeIgniter\CodeIgniter->runController(Object(App\Controllers\Gastronomia))
 8 SYSTEMPATH\CodeIgniter.php(353): CodeIgniter\CodeIgniter->handleRequest(null, Object(Config\Cache), false)
 9 FCPATH\index.php(79): CodeIgniter\CodeIgniter->run()
10 SYSTEMPATH\Commands\Server\rewrite.php(47): require_once('C:\\xampp\\htdocs\\TeziuApp\\public\\index.php')
CRITICAL - 2023-11-16 18:10:18 --> Undefined property: stdClass::$nombre_restaurante
in APPPATH\Views\gastronomia\mostrar.php on line 25.
 1 APPPATH\Views\gastronomia\mostrar.php(25): CodeIgniter\Debug\Exceptions->errorHandler(2, 'Undefined property: stdClass::$nombre_restaurante', 'C:\\xampp\\htdocs\\TeziuApp\\app\\Views\\gastronomia\\mostrar.php', 25)
 2 SYSTEMPATH\View\View.php(226): include('C:\\xampp\\htdocs\\TeziuApp\\app\\Views\\gastronomia\\mostrar.php')
 3 SYSTEMPATH\View\View.php(229): CodeIgniter\View\View->CodeIgniter\View\{closure}()
 4 SYSTEMPATH\Common.php(1188): CodeIgniter\View\View->render('gastronomia/mostrar', [], true)
 5 APPPATH\Controllers\Gastronomia.php(19): view('gastronomia/mostrar', [...])
 6 SYSTEMPATH\CodeIgniter.php(919): App\Controllers\Gastronomia->mostrar()
 7 SYSTEMPATH\CodeIgniter.php(494): CodeIgniter\CodeIgniter->runController(Object(App\Controllers\Gastronomia))
 8 SYSTEMPATH\CodeIgniter.php(353): CodeIgniter\CodeIgniter->handleRequest(null, Object(Config\Cache), false)
 9 FCPATH\index.php(79): CodeIgniter\CodeIgniter->run()
10 SYSTEMPATH\Commands\Server\rewrite.php(47): require_once('C:\\xampp\\htdocs\\TeziuApp\\public\\index.php')
CRITICAL - 2023-11-16 18:13:08 --> Undefined property: stdClass::$tipo_comida
in APPPATH\Views\gastronomia\mostrar.php on line 26.
 1 APPPATH\Views\gastronomia\mostrar.php(26): CodeIgniter\Debug\Exceptions->errorHandler(2, 'Undefined property: stdClass::$tipo_comida', 'C:\\xampp\\htdocs\\TeziuApp\\app\\Views\\gastronomia\\mostrar.php', 26)
 2 SYSTEMPATH\View\View.php(226): include('C:\\xampp\\htdocs\\TeziuApp\\app\\Views\\gastronomia\\mostrar.php')
 3 SYSTEMPATH\View\View.php(229): CodeIgniter\View\View->CodeIgniter\View\{closure}()
 4 SYSTEMPATH\Common.php(1188): CodeIgniter\View\View->render('gastronomia/mostrar', [], true)
 5 APPPATH\Controllers\Gastronomia.php(19): view('gastronomia/mostrar', [...])
 6 SYSTEMPATH\CodeIgniter.php(919): App\Controllers\Gastronomia->mostrar()
 7 SYSTEMPATH\CodeIgniter.php(494): CodeIgniter\CodeIgniter->runController(Object(App\Controllers\Gastronomia))
 8 SYSTEMPATH\CodeIgniter.php(353): CodeIgniter\CodeIgniter->handleRequest(null, Object(Config\Cache), false)
 9 FCPATH\index.php(79): CodeIgniter\CodeIgniter->run()
10 SYSTEMPATH\Commands\Server\rewrite.php(47): require_once('C:\\xampp\\htdocs\\TeziuApp\\public\\index.php')
CRITICAL - 2023-11-16 18:14:54 --> Undefined property: stdClass::$tipo_comida
in APPPATH\Views\gastronomia\mostrar.php on line 26.
 1 APPPATH\Views\gastronomia\mostrar.php(26): CodeIgniter\Debug\Exceptions->errorHandler(2, 'Undefined property: stdClass::$tipo_comida', 'C:\\xampp\\htdocs\\TeziuApp\\app\\Views\\gastronomia\\mostrar.php', 26)
 2 SYSTEMPATH\View\View.php(226): include('C:\\xampp\\htdocs\\TeziuApp\\app\\Views\\gastronomia\\mostrar.php')
 3 SYSTEMPATH\View\View.php(229): CodeIgniter\View\View->CodeIgniter\View\{closure}()
 4 SYSTEMPATH\Common.php(1188): CodeIgniter\View\View->render('gastronomia/mostrar', [], true)
 5 APPPATH\Controllers\Gastronomia.php(19): view('gastronomia/mostrar', [...])
 6 SYSTEMPATH\CodeIgniter.php(919): App\Controllers\Gastronomia->mostrar()
 7 SYSTEMPATH\CodeIgniter.php(494): CodeIgniter\CodeIgniter->runController(Object(App\Controllers\Gastronomia))
 8 SYSTEMPATH\CodeIgniter.php(353): CodeIgniter\CodeIgniter->handleRequest(null, Object(Config\Cache), false)
 9 FCPATH\index.php(79): CodeIgniter\CodeIgniter->run()
10 SYSTEMPATH\Commands\Server\rewrite.php(47): require_once('C:\\xampp\\htdocs\\TeziuApp\\public\\index.php')
CRITICAL - 2023-11-16 18:15:06 --> Undefined property: stdClass::$nombre_restaurante
in APPPATH\Views\gastronomia\mostrar.php on line 25.
 1 APPPATH\Views\gastronomia\mostrar.php(25): CodeIgniter\Debug\Exceptions->errorHandler(2, 'Undefined property: stdClass::$nombre_restaurante', 'C:\\xampp\\htdocs\\TeziuApp\\app\\Views\\gastronomia\\mostrar.php', 25)
 2 SYSTEMPATH\View\View.php(226): include('C:\\xampp\\htdocs\\TeziuApp\\app\\Views\\gastronomia\\mostrar.php')
 3 SYSTEMPATH\View\View.php(229): CodeIgniter\View\View->CodeIgniter\View\{closure}()
 4 SYSTEMPATH\Common.php(1188): CodeIgniter\View\View->render('gastronomia/mostrar', [], true)
 5 APPPATH\Controllers\Gastronomia.php(19): view('gastronomia/mostrar', [...])
 6 SYSTEMPATH\CodeIgniter.php(919): App\Controllers\Gastronomia->mostrar()
 7 SYSTEMPATH\CodeIgniter.php(494): CodeIgniter\CodeIgniter->runController(Object(App\Controllers\Gastronomia))
 8 SYSTEMPATH\CodeIgniter.php(353): CodeIgniter\CodeIgniter->handleRequest(null, Object(Config\Cache), false)
 9 FCPATH\index.php(79): CodeIgniter\CodeIgniter->run()
10 SYSTEMPATH\Commands\Server\rewrite.php(47): require_once('C:\\xampp\\htdocs\\TeziuApp\\public\\index.php')
CRITICAL - 2023-11-16 18:17:20 --> Undefined property: stdClass::$dirección
in APPPATH\Views\gastronomia\mostrar.php on line 29.
 1 APPPATH\Views\gastronomia\mostrar.php(29): CodeIgniter\Debug\Exceptions->errorHandler(2, 'Undefined property: stdClass::$dirección', 'C:\\xampp\\htdocs\\TeziuApp\\app\\Views\\gastronomia\\mostrar.php', 29)
 2 SYSTEMPATH\View\View.php(226): include('C:\\xampp\\htdocs\\TeziuApp\\app\\Views\\gastronomia\\mostrar.php')
 3 SYSTEMPATH\View\View.php(229): CodeIgniter\View\View->CodeIgniter\View\{closure}()
 4 SYSTEMPATH\Common.php(1188): CodeIgniter\View\View->render('gastronomia/mostrar', [], true)
 5 APPPATH\Controllers\Gastronomia.php(19): view('gastronomia/mostrar', [...])
 6 SYSTEMPATH\CodeIgniter.php(919): App\Controllers\Gastronomia->mostrar()
 7 SYSTEMPATH\CodeIgniter.php(494): CodeIgniter\CodeIgniter->runController(Object(App\Controllers\Gastronomia))
 8 SYSTEMPATH\CodeIgniter.php(353): CodeIgniter\CodeIgniter->handleRequest(null, Object(Config\Cache), false)
 9 FCPATH\index.php(79): CodeIgniter\CodeIgniter->run()
10 SYSTEMPATH\Commands\Server\rewrite.php(47): require_once('C:\\xampp\\htdocs\\TeziuApp\\public\\index.php')
CRITICAL - 2023-11-16 18:17:37 --> Undefined property: stdClass::$Descripcion
in APPPATH\Views\gastronomia\mostrar.php on line 31.
 1 APPPATH\Views\gastronomia\mostrar.php(31): CodeIgniter\Debug\Exceptions->errorHandler(2, 'Undefined property: stdClass::$Descripcion', 'C:\\xampp\\htdocs\\TeziuApp\\app\\Views\\gastronomia\\mostrar.php', 31)
 2 SYSTEMPATH\View\View.php(226): include('C:\\xampp\\htdocs\\TeziuApp\\app\\Views\\gastronomia\\mostrar.php')
 3 SYSTEMPATH\View\View.php(229): CodeIgniter\View\View->CodeIgniter\View\{closure}()
 4 SYSTEMPATH\Common.php(1188): CodeIgniter\View\View->render('gastronomia/mostrar', [], true)
 5 APPPATH\Controllers\Gastronomia.php(19): view('gastronomia/mostrar', [...])
 6 SYSTEMPATH\CodeIgniter.php(919): App\Controllers\Gastronomia->mostrar()
 7 SYSTEMPATH\CodeIgniter.php(494): CodeIgniter\CodeIgniter->runController(Object(App\Controllers\Gastronomia))
 8 SYSTEMPATH\CodeIgniter.php(353): CodeIgniter\CodeIgniter->handleRequest(null, Object(Config\Cache), false)
 9 FCPATH\index.php(79): CodeIgniter\CodeIgniter->run()
10 SYSTEMPATH\Commands\Server\rewrite.php(47): require_once('C:\\xampp\\htdocs\\TeziuApp\\public\\index.php')
