CRITICAL - 2023-11-30 02:19:50 --> Undefined property: stdClass::$nombre_festividad
in APPPATH\Views\festividad\mostrar.php on line 66.
 1 APPPATH\Views\festividad\mostrar.php(66): CodeIgniter\Debug\Exceptions->errorHandler(2, 'Undefined property: stdClass::$nombre_festividad', 'C:\\xampp\\htdocs\\TeziuApp\\app\\Views\\festividad\\mostrar.php', 66)
 2 SYSTEMPATH\View\View.php(226): include('C:\\xampp\\htdocs\\TeziuApp\\app\\Views\\festividad\\mostrar.php')
 3 SYSTEMPATH\View\View.php(229): CodeIgniter\View\View->CodeIgniter\View\{closure}()
 4 SYSTEMPATH\Common.php(1188): CodeIgniter\View\View->render('festividad/mostrar', [], true)
 5 APPPATH\Controllers\Festividad.php(19): view('festividad/mostrar', [...])
 6 SYSTEMPATH\CodeIgniter.php(919): App\Controllers\Festividad->mostrar()
 7 SYSTEMPATH\CodeIgniter.php(494): CodeIgniter\CodeIgniter->runController(Object(App\Controllers\Festividad))
 8 SYSTEMPATH\CodeIgniter.php(353): CodeIgniter\CodeIgniter->handleRequest(null, Object(Config\Cache), false)
 9 FCPATH\index.php(79): CodeIgniter\CodeIgniter->run()
10 SYSTEMPATH\Commands\Server\rewrite.php(47): require_once('C:\\xampp\\htdocs\\TeziuApp\\public\\index.php')
CRITICAL - 2023-11-30 04:19:38 --> Call to a member function find() on null
in APPPATH\Controllers\Gastronomia.php on line 82.
 1 SYSTEMPATH\CodeIgniter.php(919): App\Controllers\Gastronomia->editar('8')
 2 SYSTEMPATH\CodeIgniter.php(494): CodeIgniter\CodeIgniter->runController(Object(App\Controllers\Gastronomia))
 3 SYSTEMPATH\CodeIgniter.php(353): CodeIgniter\CodeIgniter->handleRequest(null, Object(Config\Cache), false)
 4 FCPATH\index.php(79): CodeIgniter\CodeIgniter->run()
 5 SYSTEMPATH\Commands\Server\rewrite.php(47): require_once('C:\\xampp\\htdocs\\TeziuApp\\public\\index.php')
CRITICAL - 2023-11-30 04:21:31 --> Undefined variable $lugar
in APPPATH\Views\gastronomia\editar.php on line 10.
 1 APPPATH\Views\gastronomia\editar.php(10): CodeIgniter\Debug\Exceptions->errorHandler(2, 'Undefined variable $lugar', 'C:\\xampp\\htdocs\\TeziuApp\\app\\Views\\gastronomia\\editar.php', 10)
 2 SYSTEMPATH\View\View.php(226): include('C:\\xampp\\htdocs\\TeziuApp\\app\\Views\\gastronomia\\editar.php')
 3 SYSTEMPATH\View\View.php(229): CodeIgniter\View\View->CodeIgniter\View\{closure}()
 4 SYSTEMPATH\Common.php(1188): CodeIgniter\View\View->render('gastronomia/editar', [], true)
 5 APPPATH\Controllers\Gastronomia.php(86): view('gastronomia/editar', [...])
 6 SYSTEMPATH\CodeIgniter.php(919): App\Controllers\Gastronomia->editar('8')
 7 SYSTEMPATH\CodeIgniter.php(494): CodeIgniter\CodeIgniter->runController(Object(App\Controllers\Gastronomia))
 8 SYSTEMPATH\CodeIgniter.php(353): CodeIgniter\CodeIgniter->handleRequest(null, Object(Config\Cache), false)
 9 FCPATH\index.php(79): CodeIgniter\CodeIgniter->run()
10 SYSTEMPATH\Commands\Server\rewrite.php(47): require_once('C:\\xampp\\htdocs\\TeziuApp\\public\\index.php')
CRITICAL - 2023-11-30 06:58:21 --> Undefined variable $index
in APPPATH\Views\hotel\mostrarFinal.php on line 53.
 1 APPPATH\Views\hotel\mostrarFinal.php(53): CodeIgniter\Debug\Exceptions->errorHandler(2, 'Undefined variable $index', 'C:\\xampp\\htdocs\\TeziuApp\\app\\Views\\hotel\\mostrarFinal.php', 53)
 2 SYSTEMPATH\View\View.php(226): include('C:\\xampp\\htdocs\\TeziuApp\\app\\Views\\hotel\\mostrarFinal.php')
 3 SYSTEMPATH\View\View.php(229): CodeIgniter\View\View->CodeIgniter\View\{closure}()
 4 SYSTEMPATH\Common.php(1188): CodeIgniter\View\View->render('hotel/mostrarFinal', [], true)
 5 APPPATH\Controllers\Home.php(14): view('hotel/mostrarFinal', [...])
 6 SYSTEMPATH\CodeIgniter.php(919): App\Controllers\Home->mostrarFinal()
 7 SYSTEMPATH\CodeIgniter.php(494): CodeIgniter\CodeIgniter->runController(Object(App\Controllers\Home))
 8 SYSTEMPATH\CodeIgniter.php(353): CodeIgniter\CodeIgniter->handleRequest(null, Object(Config\Cache), false)
 9 FCPATH\index.php(79): CodeIgniter\CodeIgniter->run()
10 SYSTEMPATH\Commands\Server\rewrite.php(47): require_once('C:\\xampp\\htdocs\\TeziuApp\\public\\index.php')
CRITICAL - 2023-11-30 09:31:24 --> include(navegacion.php): Failed to open stream: No such file or directory
in APPPATH\Views\principal.php on line 16.
 1 APPPATH\Views\principal.php(16): CodeIgniter\Debug\Exceptions->errorHandler(2, 'include(navegacion.php): Failed to open stream: No such file or directory', 'C:\\xampp\\htdocs\\TeziuApp\\app\\Views\\principal.php', 16)
 2 APPPATH\Views\principal.php(16): include()
 3 SYSTEMPATH\View\View.php(226): include('C:\\xampp\\htdocs\\TeziuApp\\app\\Views\\principal.php')
 4 SYSTEMPATH\View\View.php(229): CodeIgniter\View\View->CodeIgniter\View\{closure}()
 5 SYSTEMPATH\Common.php(1188): CodeIgniter\View\View->render('principal', [], true)
 6 APPPATH\Controllers\Principal.php(10): view('principal')
 7 SYSTEMPATH\CodeIgniter.php(919): App\Controllers\Principal->index()
 8 SYSTEMPATH\CodeIgniter.php(494): CodeIgniter\CodeIgniter->runController(Object(App\Controllers\Principal))
 9 SYSTEMPATH\CodeIgniter.php(353): CodeIgniter\CodeIgniter->handleRequest(null, Object(Config\Cache), false)
10 FCPATH\index.php(79): CodeIgniter\CodeIgniter->run()
11 SYSTEMPATH\Commands\Server\rewrite.php(47): require_once('C:\\xampp\\htdocs\\TeziuApp\\public\\index.php')
CRITICAL - 2023-11-30 09:36:18 --> Undefined property: stdClass::$direccion
in APPPATH\Views\lugar\mostrarLugar.php on line 121.
 1 APPPATH\Views\lugar\mostrarLugar.php(121): CodeIgniter\Debug\Exceptions->errorHandler(2, 'Undefined property: stdClass::$direccion', 'C:\\xampp\\htdocs\\TeziuApp\\app\\Views\\lugar\\mostrarLugar.php', 121)
 2 SYSTEMPATH\View\View.php(226): include('C:\\xampp\\htdocs\\TeziuApp\\app\\Views\\lugar\\mostrarLugar.php')
 3 SYSTEMPATH\View\View.php(229): CodeIgniter\View\View->CodeIgniter\View\{closure}()
 4 SYSTEMPATH\Common.php(1188): CodeIgniter\View\View->render('lugar/mostrarLugar', [], true)
 5 APPPATH\Controllers\Home.php(28): view('lugar/mostrarLugar', [...])
 6 SYSTEMPATH\CodeIgniter.php(919): App\Controllers\Home->mostrarLugar()
 7 SYSTEMPATH\CodeIgniter.php(494): CodeIgniter\CodeIgniter->runController(Object(App\Controllers\Home))
 8 SYSTEMPATH\CodeIgniter.php(353): CodeIgniter\CodeIgniter->handleRequest(null, Object(Config\Cache), false)
 9 FCPATH\index.php(79): CodeIgniter\CodeIgniter->run()
10 SYSTEMPATH\Commands\Server\rewrite.php(47): require_once('C:\\xampp\\htdocs\\TeziuApp\\public\\index.php')
CRITICAL - 2023-11-30 09:51:51 --> include(navegacion.php): Failed to open stream: No such file or directory
in APPPATH\Views\hotel\mostrarFinal.php on line 79.
 1 APPPATH\Views\hotel\mostrarFinal.php(79): CodeIgniter\Debug\Exceptions->errorHandler(2, 'include(navegacion.php): Failed to open stream: No such file or directory', 'C:\\xampp\\htdocs\\TeziuApp\\app\\Views\\hotel\\mostrarFinal.php', 79)
 2 APPPATH\Views\hotel\mostrarFinal.php(79): include()
 3 SYSTEMPATH\View\View.php(226): include('C:\\xampp\\htdocs\\TeziuApp\\app\\Views\\hotel\\mostrarFinal.php')
 4 SYSTEMPATH\View\View.php(229): CodeIgniter\View\View->CodeIgniter\View\{closure}()
 5 SYSTEMPATH\Common.php(1188): CodeIgniter\View\View->render('hotel/mostrarFinal', [], true)
 6 APPPATH\Controllers\Home.php(14): view('hotel/mostrarFinal', [...])
 7 SYSTEMPATH\CodeIgniter.php(919): App\Controllers\Home->mostrarFinal()
 8 SYSTEMPATH\CodeIgniter.php(494): CodeIgniter\CodeIgniter->runController(Object(App\Controllers\Home))
 9 SYSTEMPATH\CodeIgniter.php(353): CodeIgniter\CodeIgniter->handleRequest(null, Object(Config\Cache), false)
10 FCPATH\index.php(79): CodeIgniter\CodeIgniter->run()
11 SYSTEMPATH\Commands\Server\rewrite.php(47): require_once('C:\\xampp\\htdocs\\TeziuApp\\public\\index.php')
CRITICAL - 2023-11-30 09:52:39 --> include(navegacion.php): Failed to open stream: No such file or directory
in APPPATH\Views\hotel\mostrarFinal.php on line 73.
 1 APPPATH\Views\hotel\mostrarFinal.php(73): CodeIgniter\Debug\Exceptions->errorHandler(2, 'include(navegacion.php): Failed to open stream: No such file or directory', 'C:\\xampp\\htdocs\\TeziuApp\\app\\Views\\hotel\\mostrarFinal.php', 73)
 2 APPPATH\Views\hotel\mostrarFinal.php(73): include()
 3 SYSTEMPATH\View\View.php(226): include('C:\\xampp\\htdocs\\TeziuApp\\app\\Views\\hotel\\mostrarFinal.php')
 4 SYSTEMPATH\View\View.php(229): CodeIgniter\View\View->CodeIgniter\View\{closure}()
 5 SYSTEMPATH\Common.php(1188): CodeIgniter\View\View->render('hotel/mostrarFinal', [], true)
 6 APPPATH\Controllers\Home.php(14): view('hotel/mostrarFinal', [...])
 7 SYSTEMPATH\CodeIgniter.php(919): App\Controllers\Home->mostrarFinal()
 8 SYSTEMPATH\CodeIgniter.php(494): CodeIgniter\CodeIgniter->runController(Object(App\Controllers\Home))
 9 SYSTEMPATH\CodeIgniter.php(353): CodeIgniter\CodeIgniter->handleRequest(null, Object(Config\Cache), false)
10 FCPATH\index.php(79): CodeIgniter\CodeIgniter->run()
11 SYSTEMPATH\Commands\Server\rewrite.php(47): require_once('C:\\xampp\\htdocs\\TeziuApp\\public\\index.php')
CRITICAL - 2023-11-30 09:54:28 --> include(navegacion.php): Failed to open stream: No such file or directory
in APPPATH\Views\hotel\mostrarFinal.php on line 78.
 1 APPPATH\Views\hotel\mostrarFinal.php(78): CodeIgniter\Debug\Exceptions->errorHandler(2, 'include(navegacion.php): Failed to open stream: No such file or directory', 'C:\\xampp\\htdocs\\TeziuApp\\app\\Views\\hotel\\mostrarFinal.php', 78)
 2 APPPATH\Views\hotel\mostrarFinal.php(78): include()
 3 SYSTEMPATH\View\View.php(226): include('C:\\xampp\\htdocs\\TeziuApp\\app\\Views\\hotel\\mostrarFinal.php')
 4 SYSTEMPATH\View\View.php(229): CodeIgniter\View\View->CodeIgniter\View\{closure}()
 5 SYSTEMPATH\Common.php(1188): CodeIgniter\View\View->render('hotel/mostrarFinal', [], true)
 6 APPPATH\Controllers\Home.php(14): view('hotel/mostrarFinal', [...])
 7 SYSTEMPATH\CodeIgniter.php(919): App\Controllers\Home->mostrarFinal()
 8 SYSTEMPATH\CodeIgniter.php(494): CodeIgniter\CodeIgniter->runController(Object(App\Controllers\Home))
 9 SYSTEMPATH\CodeIgniter.php(353): CodeIgniter\CodeIgniter->handleRequest(null, Object(Config\Cache), false)
10 FCPATH\index.php(79): CodeIgniter\CodeIgniter->run()
11 SYSTEMPATH\Commands\Server\rewrite.php(47): require_once('C:\\xampp\\htdocs\\TeziuApp\\public\\index.php')
CRITICAL - 2023-11-30 09:54:56 --> include(app\Views\navegacion.php): Failed to open stream: No such file or directory
in APPPATH\Views\hotel\mostrarFinal.php on line 78.
 1 APPPATH\Views\hotel\mostrarFinal.php(78): CodeIgniter\Debug\Exceptions->errorHandler(2, 'include(app\\Views\\navegacion.php): Failed to open stream: No such file or directory', 'C:\\xampp\\htdocs\\TeziuApp\\app\\Views\\hotel\\mostrarFinal.php', 78)
 2 APPPATH\Views\hotel\mostrarFinal.php(78): include()
 3 SYSTEMPATH\View\View.php(226): include('C:\\xampp\\htdocs\\TeziuApp\\app\\Views\\hotel\\mostrarFinal.php')
 4 SYSTEMPATH\View\View.php(229): CodeIgniter\View\View->CodeIgniter\View\{closure}()
 5 SYSTEMPATH\Common.php(1188): CodeIgniter\View\View->render('hotel/mostrarFinal', [], true)
 6 APPPATH\Controllers\Home.php(14): view('hotel/mostrarFinal', [...])
 7 SYSTEMPATH\CodeIgniter.php(919): App\Controllers\Home->mostrarFinal()
 8 SYSTEMPATH\CodeIgniter.php(494): CodeIgniter\CodeIgniter->runController(Object(App\Controllers\Home))
 9 SYSTEMPATH\CodeIgniter.php(353): CodeIgniter\CodeIgniter->handleRequest(null, Object(Config\Cache), false)
10 FCPATH\index.php(79): CodeIgniter\CodeIgniter->run()
11 SYSTEMPATH\Commands\Server\rewrite.php(47): require_once('C:\\xampp\\htdocs\\TeziuApp\\public\\index.php')
CRITICAL - 2023-11-30 09:55:50 --> include(app\Views\navegacion.php): Failed to open stream: No such file or directory
in APPPATH\Views\hotel\mostrarFinal.php on line 78.
 1 APPPATH\Views\hotel\mostrarFinal.php(78): CodeIgniter\Debug\Exceptions->errorHandler(2, 'include(app\\Views\\navegacion.php): Failed to open stream: No such file or directory', 'C:\\xampp\\htdocs\\TeziuApp\\app\\Views\\hotel\\mostrarFinal.php', 78)
 2 APPPATH\Views\hotel\mostrarFinal.php(78): include()
 3 SYSTEMPATH\View\View.php(226): include('C:\\xampp\\htdocs\\TeziuApp\\app\\Views\\hotel\\mostrarFinal.php')
 4 SYSTEMPATH\View\View.php(229): CodeIgniter\View\View->CodeIgniter\View\{closure}()
 5 SYSTEMPATH\Common.php(1188): CodeIgniter\View\View->render('hotel/mostrarFinal', [], true)
 6 APPPATH\Controllers\Home.php(14): view('hotel/mostrarFinal', [...])
 7 SYSTEMPATH\CodeIgniter.php(919): App\Controllers\Home->mostrarFinal()
 8 SYSTEMPATH\CodeIgniter.php(494): CodeIgniter\CodeIgniter->runController(Object(App\Controllers\Home))
 9 SYSTEMPATH\CodeIgniter.php(353): CodeIgniter\CodeIgniter->handleRequest(null, Object(Config\Cache), false)
10 FCPATH\index.php(79): CodeIgniter\CodeIgniter->run()
11 SYSTEMPATH\Commands\Server\rewrite.php(47): require_once('C:\\xampp\\htdocs\\TeziuApp\\public\\index.php')
CRITICAL - 2023-11-30 10:08:17 --> include(navegacion.php): Failed to open stream: No such file or directory
in APPPATH\Views\hotel\mostrarFinal.php on line 78.
 1 APPPATH\Views\hotel\mostrarFinal.php(78): CodeIgniter\Debug\Exceptions->errorHandler(2, 'include(navegacion.php): Failed to open stream: No such file or directory', 'C:\\xampp\\htdocs\\TeziuApp\\app\\Views\\hotel\\mostrarFinal.php', 78)
 2 APPPATH\Views\hotel\mostrarFinal.php(78): include()
 3 SYSTEMPATH\View\View.php(226): include('C:\\xampp\\htdocs\\TeziuApp\\app\\Views\\hotel\\mostrarFinal.php')
 4 SYSTEMPATH\View\View.php(229): CodeIgniter\View\View->CodeIgniter\View\{closure}()
 5 SYSTEMPATH\Common.php(1188): CodeIgniter\View\View->render('hotel/mostrarFinal', [], true)
 6 APPPATH\Controllers\Home.php(14): view('hotel/mostrarFinal', [...])
 7 SYSTEMPATH\CodeIgniter.php(919): App\Controllers\Home->mostrarFinal()
 8 SYSTEMPATH\CodeIgniter.php(494): CodeIgniter\CodeIgniter->runController(Object(App\Controllers\Home))
 9 SYSTEMPATH\CodeIgniter.php(353): CodeIgniter\CodeIgniter->handleRequest(null, Object(Config\Cache), false)
10 FCPATH\index.php(79): CodeIgniter\CodeIgniter->run()
11 SYSTEMPATH\Commands\Server\rewrite.php(47): require_once('C:\\xampp\\htdocs\\TeziuApp\\public\\index.php')
CRITICAL - 2023-11-30 11:25:43 --> Undefined variable $hotel
in APPPATH\Views\gastronomia\mostrarGastronomia.php on line 131.
 1 APPPATH\Views\gastronomia\mostrarGastronomia.php(131): CodeIgniter\Debug\Exceptions->errorHandler(2, 'Undefined variable $hotel', 'C:\\xampp\\htdocs\\TeziuApp\\app\\Views\\gastronomia\\mostrarGastronomia.php', 131)
 2 SYSTEMPATH\View\View.php(226): include('C:\\xampp\\htdocs\\TeziuApp\\app\\Views\\gastronomia\\mostrarGastronomia.php')
 3 SYSTEMPATH\View\View.php(229): CodeIgniter\View\View->CodeIgniter\View\{closure}()
 4 SYSTEMPATH\Common.php(1188): CodeIgniter\View\View->render('gastronomia/mostrargastronomia', [], true)
 5 APPPATH\Controllers\MostrarGastronomia.php(15): view('gastronomia/mostrargastronomia', [...])
 6 SYSTEMPATH\CodeIgniter.php(919): App\Controllers\MostrarGastronomia->mostrarGastronomia()
 7 SYSTEMPATH\CodeIgniter.php(494): CodeIgniter\CodeIgniter->runController(Object(App\Controllers\MostrarGastronomia))
 8 SYSTEMPATH\CodeIgniter.php(353): CodeIgniter\CodeIgniter->handleRequest(null, Object(Config\Cache), false)
 9 FCPATH\index.php(79): CodeIgniter\CodeIgniter->run()
10 SYSTEMPATH\Commands\Server\rewrite.php(47): require_once('C:\\xampp\\htdocs\\TeziuApp\\public\\index.php')
CRITICAL - 2023-11-30 11:32:30 --> Undefined variable $hoteles
in APPPATH\Views\hotel\mostrarFinal.php on line 125.
 1 APPPATH\Views\hotel\mostrarFinal.php(125): CodeIgniter\Debug\Exceptions->errorHandler(2, 'Undefined variable $hoteles', 'C:\\xampp\\htdocs\\TeziuApp\\app\\Views\\hotel\\mostrarFinal.php', 125)
 2 APPPATH\Views\gastronomia\mostrarGastronomia.php(79): include('C:\\xampp\\htdocs\\TeziuApp\\app\\Views\\hotel\\mostrarFinal.php')
 3 SYSTEMPATH\View\View.php(226): include('C:\\xampp\\htdocs\\TeziuApp\\app\\Views\\gastronomia\\mostrarGastronomia.php')
 4 SYSTEMPATH\View\View.php(229): CodeIgniter\View\View->CodeIgniter\View\{closure}()
 5 SYSTEMPATH\Common.php(1188): CodeIgniter\View\View->render('gastronomia/mostrargastronomia', [], true)
 6 APPPATH\Controllers\MostrarGastronomia.php(15): view('gastronomia/mostrargastronomia', [...])
 7 SYSTEMPATH\CodeIgniter.php(919): App\Controllers\MostrarGastronomia->mostrarGastronomia()
 8 SYSTEMPATH\CodeIgniter.php(494): CodeIgniter\CodeIgniter->runController(Object(App\Controllers\MostrarGastronomia))
 9 SYSTEMPATH\CodeIgniter.php(353): CodeIgniter\CodeIgniter->handleRequest(null, Object(Config\Cache), false)
10 FCPATH\index.php(79): CodeIgniter\CodeIgniter->run()
11 SYSTEMPATH\Commands\Server\rewrite.php(47): require_once('C:\\xampp\\htdocs\\TeziuApp\\public\\index.php')
