ERROR - 2023-11-19 02:04:32 --> Error connecting to the database: mysqli_sql_exception: Unknown database 'teziua' in C:\xampp\htdocs\TeziuApp\system\Database\MySQLi\Connection.php:184
Stack trace:
#0 C:\xampp\htdocs\TeziuApp\system\Database\MySQLi\Connection.php(184): mysqli->real_connect('localhost', 'root', Object(SensitiveParameterValue), 'teziua', 3306, '', 0)
#1 C:\xampp\htdocs\TeziuApp\system\Database\BaseConnection.php(391): CodeIgniter\Database\MySQLi\Connection->connect(false)
#2 C:\xampp\htdocs\TeziuApp\system\Database\BaseConnection.php(574): CodeIgniter\Database\BaseConnection->initialize()
#3 C:\xampp\htdocs\TeziuApp\system\Database\BaseBuilder.php(1615): CodeIgniter\Database\BaseConnection->query('SELECT *\nFROM `...', Array, false)
#4 C:\xampp\htdocs\TeziuApp\system\Model.php(237): CodeIgniter\Database\BaseBuilder->get()
#5 C:\xampp\htdocs\TeziuApp\system\BaseModel.php(624): CodeIgniter\Model->doFindAll(0, 0)
#6 C:\xampp\htdocs\TeziuApp\app\Controllers\Lugar.php(15): CodeIgniter\BaseModel->findAll()
#7 C:\xampp\htdocs\TeziuApp\system\CodeIgniter.php(919): App\Controllers\Lugar->mostrar()
#8 C:\xampp\htdocs\TeziuApp\system\CodeIgniter.php(494): CodeIgniter\CodeIgniter->runController(Object(App\Controllers\Lugar))
#9 C:\xampp\htdocs\TeziuApp\system\CodeIgniter.php(353): CodeIgniter\CodeIgniter->handleRequest(NULL, Object(Config\Cache), false)
#10 C:\xampp\htdocs\TeziuApp\public\index.php(79): CodeIgniter\CodeIgniter->run()
#11 C:\xampp\htdocs\TeziuApp\system\Commands\Server\rewrite.php(47): require_once('C:\\xampp\\htdocs...')
#12 {main}

Next CodeIgniter\Database\Exceptions\DatabaseException: Unknown database 'teziua' in C:\xampp\htdocs\TeziuApp\system\Database\MySQLi\Connection.php:229
Stack trace:
#0 C:\xampp\htdocs\TeziuApp\system\Database\BaseConnection.php(391): CodeIgniter\Database\MySQLi\Connection->connect(false)
#1 C:\xampp\htdocs\TeziuApp\system\Database\BaseConnection.php(574): CodeIgniter\Database\BaseConnection->initialize()
#2 C:\xampp\htdocs\TeziuApp\system\Database\BaseBuilder.php(1615): CodeIgniter\Database\BaseConnection->query('SELECT *\nFROM `...', Array, false)
#3 C:\xampp\htdocs\TeziuApp\system\Model.php(237): CodeIgniter\Database\BaseBuilder->get()
#4 C:\xampp\htdocs\TeziuApp\system\BaseModel.php(624): CodeIgniter\Model->doFindAll(0, 0)
#5 C:\xampp\htdocs\TeziuApp\app\Controllers\Lugar.php(15): CodeIgniter\BaseModel->findAll()
#6 C:\xampp\htdocs\TeziuApp\system\CodeIgniter.php(919): App\Controllers\Lugar->mostrar()
#7 C:\xampp\htdocs\TeziuApp\system\CodeIgniter.php(494): CodeIgniter\CodeIgniter->runController(Object(App\Controllers\Lugar))
#8 C:\xampp\htdocs\TeziuApp\system\CodeIgniter.php(353): CodeIgniter\CodeIgniter->handleRequest(NULL, Object(Config\Cache), false)
#9 C:\xampp\htdocs\TeziuApp\public\index.php(79): CodeIgniter\CodeIgniter->run()
#10 C:\xampp\htdocs\TeziuApp\system\Commands\Server\rewrite.php(47): require_once('C:\\xampp\\htdocs...')
#11 {main}
CRITICAL - 2023-11-19 02:04:32 --> Unable to connect to the database.
Main connection [MySQLi]: Unknown database 'teziua'
in SYSTEMPATH\Database\BaseConnection.php on line 427.
 1 SYSTEMPATH\Database\BaseConnection.php(574): CodeIgniter\Database\BaseConnection->initialize()
 2 SYSTEMPATH\Database\BaseBuilder.php(1615): CodeIgniter\Database\BaseConnection->query('SELECT *
FROM `lugaresturisticos`
WHERE `lugaresturisticos`.`deleted_at` IS NULL', [], false)
 3 SYSTEMPATH\Model.php(237): CodeIgniter\Database\BaseBuilder->get()
 4 SYSTEMPATH\BaseModel.php(624): CodeIgniter\Model->doFindAll(0, 0)
 5 APPPATH\Controllers\Lugar.php(15): CodeIgniter\BaseModel->findAll()
 6 SYSTEMPATH\CodeIgniter.php(919): App\Controllers\Lugar->mostrar()
 7 SYSTEMPATH\CodeIgniter.php(494): CodeIgniter\CodeIgniter->runController(Object(App\Controllers\Lugar))
 8 SYSTEMPATH\CodeIgniter.php(353): CodeIgniter\CodeIgniter->handleRequest(null, Object(Config\Cache), false)
 9 FCPATH\index.php(79): CodeIgniter\CodeIgniter->run()
10 SYSTEMPATH\Commands\Server\rewrite.php(47): require_once('C:\\xampp\\htdocs\\TeziuApp\\public\\index.php')
CRITICAL - 2023-11-19 04:48:09 --> Undefined array key "nombre_lugar"
in APPPATH\Controllers\Gastronomia.php on line 59.
 1 APPPATH\Controllers\Gastronomia.php(59): CodeIgniter\Debug\Exceptions->errorHandler(2, 'Undefined array key "nombre_lugar"', 'C:\\xampp\\htdocs\\TeziuApp\\app\\Controllers\\Gastronomia.php', 59)
 2 APPPATH\Controllers\Gastronomia.php(48): App\Controllers\Gastronomia->insert()
 3 SYSTEMPATH\CodeIgniter.php(919): App\Controllers\Gastronomia->agregar()
 4 SYSTEMPATH\CodeIgniter.php(494): CodeIgniter\CodeIgniter->runController(Object(App\Controllers\Gastronomia))
 5 SYSTEMPATH\CodeIgniter.php(353): CodeIgniter\CodeIgniter->handleRequest(null, Object(Config\Cache), false)
 6 FCPATH\index.php(79): CodeIgniter\CodeIgniter->run()
 7 SYSTEMPATH\Commands\Server\rewrite.php(47): require_once('C:\\xampp\\htdocs\\TeziuApp\\public\\index.php')
CRITICAL - 2023-11-19 04:48:49 --> Undefined array key "nombre_lugar"
in APPPATH\Controllers\Gastronomia.php on line 59.
 1 APPPATH\Controllers\Gastronomia.php(59): CodeIgniter\Debug\Exceptions->errorHandler(2, 'Undefined array key "nombre_lugar"', 'C:\\xampp\\htdocs\\TeziuApp\\app\\Controllers\\Gastronomia.php', 59)
 2 APPPATH\Controllers\Gastronomia.php(48): App\Controllers\Gastronomia->insert()
 3 SYSTEMPATH\CodeIgniter.php(919): App\Controllers\Gastronomia->agregar()
 4 SYSTEMPATH\CodeIgniter.php(494): CodeIgniter\CodeIgniter->runController(Object(App\Controllers\Gastronomia))
 5 SYSTEMPATH\CodeIgniter.php(353): CodeIgniter\CodeIgniter->handleRequest(null, Object(Config\Cache), false)
 6 FCPATH\index.php(79): CodeIgniter\CodeIgniter->run()
 7 SYSTEMPATH\Commands\Server\rewrite.php(47): require_once('C:\\xampp\\htdocs\\TeziuApp\\public\\index.php')
ERROR - 2023-11-19 04:50:31 --> mysqli_sql_exception: Unknown column 'nombre_restaurante' in 'field list' in C:\xampp\htdocs\TeziuApp\system\Database\MySQLi\Connection.php:306
Stack trace:
#0 C:\xampp\htdocs\TeziuApp\system\Database\MySQLi\Connection.php(306): mysqli->query('INSERT INTO `lu...', 0)
#1 C:\xampp\htdocs\TeziuApp\system\Database\BaseConnection.php(692): CodeIgniter\Database\MySQLi\Connection->execute('INSERT INTO `lu...')
#2 C:\xampp\htdocs\TeziuApp\system\Database\BaseConnection.php(606): CodeIgniter\Database\BaseConnection->simpleQuery('INSERT INTO `lu...')
#3 C:\xampp\htdocs\TeziuApp\system\Database\BaseBuilder.php(2308): CodeIgniter\Database\BaseConnection->query('INSERT INTO `lu...', Array, false)
#4 C:\xampp\htdocs\TeziuApp\system\Model.php(319): CodeIgniter\Database\BaseBuilder->insert()
#5 C:\xampp\htdocs\TeziuApp\system\BaseModel.php(788): CodeIgniter\Model->doInsert(Array)
#6 C:\xampp\htdocs\TeziuApp\system\Model.php(715): CodeIgniter\BaseModel->insert(Array, false)
#7 C:\xampp\htdocs\TeziuApp\app\Controllers\Gastronomia.php(67): CodeIgniter\Model->insert(Array, false)
#8 C:\xampp\htdocs\TeziuApp\app\Controllers\Gastronomia.php(48): App\Controllers\Gastronomia->insert()
#9 C:\xampp\htdocs\TeziuApp\system\CodeIgniter.php(919): App\Controllers\Gastronomia->agregar()
#10 C:\xampp\htdocs\TeziuApp\system\CodeIgniter.php(494): CodeIgniter\CodeIgniter->runController(Object(App\Controllers\Gastronomia))
#11 C:\xampp\htdocs\TeziuApp\system\CodeIgniter.php(353): CodeIgniter\CodeIgniter->handleRequest(NULL, Object(Config\Cache), false)
#12 C:\xampp\htdocs\TeziuApp\public\index.php(79): CodeIgniter\CodeIgniter->run()
#13 C:\xampp\htdocs\TeziuApp\system\Commands\Server\rewrite.php(47): require_once('C:\\xampp\\htdocs...')
#14 {main}
CRITICAL - 2023-11-19 04:50:31 --> Unknown column 'nombre_restaurante' in 'field list'
in SYSTEMPATH\Database\BaseConnection.php on line 646.
 1 SYSTEMPATH\Database\BaseBuilder.php(2308): CodeIgniter\Database\BaseConnection->query('INSERT INTO `lugaresturisticos` (`nombre_restaurante`, `tipo_comida`, `tipo_cocina`, `capacidad`, `direccion`, `telefono`, `descripcion`) VALUES (:nombre_restaurante:, :tipo_comida:, :tipo_cocina:, :capacidad:, :direccion:, :telefono:, :descripcion:)', [...], false)
 2 SYSTEMPATH\Model.php(319): CodeIgniter\Database\BaseBuilder->insert()
 3 SYSTEMPATH\BaseModel.php(788): CodeIgniter\Model->doInsert([...])
 4 SYSTEMPATH\Model.php(715): CodeIgniter\BaseModel->insert([...], false)
 5 APPPATH\Controllers\Gastronomia.php(67): CodeIgniter\Model->insert([...], false)
 6 APPPATH\Controllers\Gastronomia.php(48): App\Controllers\Gastronomia->insert()
 7 SYSTEMPATH\CodeIgniter.php(919): App\Controllers\Gastronomia->agregar()
 8 SYSTEMPATH\CodeIgniter.php(494): CodeIgniter\CodeIgniter->runController(Object(App\Controllers\Gastronomia))
 9 SYSTEMPATH\CodeIgniter.php(353): CodeIgniter\CodeIgniter->handleRequest(null, Object(Config\Cache), false)
10 FCPATH\index.php(79): CodeIgniter\CodeIgniter->run()
11 SYSTEMPATH\Commands\Server\rewrite.php(47): require_once('C:\\xampp\\htdocs\\TeziuApp\\public\\index.php')
ERROR - 2023-11-19 04:53:05 --> mysqli_sql_exception: Unknown column 'nombre_restaurante' in 'field list' in C:\xampp\htdocs\TeziuApp\system\Database\MySQLi\Connection.php:306
Stack trace:
#0 C:\xampp\htdocs\TeziuApp\system\Database\MySQLi\Connection.php(306): mysqli->query('INSERT INTO `lu...', 0)
#1 C:\xampp\htdocs\TeziuApp\system\Database\BaseConnection.php(692): CodeIgniter\Database\MySQLi\Connection->execute('INSERT INTO `lu...')
#2 C:\xampp\htdocs\TeziuApp\system\Database\BaseConnection.php(606): CodeIgniter\Database\BaseConnection->simpleQuery('INSERT INTO `lu...')
#3 C:\xampp\htdocs\TeziuApp\system\Database\BaseBuilder.php(2308): CodeIgniter\Database\BaseConnection->query('INSERT INTO `lu...', Array, false)
#4 C:\xampp\htdocs\TeziuApp\system\Model.php(319): CodeIgniter\Database\BaseBuilder->insert()
#5 C:\xampp\htdocs\TeziuApp\system\BaseModel.php(788): CodeIgniter\Model->doInsert(Array)
#6 C:\xampp\htdocs\TeziuApp\system\Model.php(715): CodeIgniter\BaseModel->insert(Array, false)
#7 C:\xampp\htdocs\TeziuApp\app\Controllers\Gastronomia.php(67): CodeIgniter\Model->insert(Array, false)
#8 C:\xampp\htdocs\TeziuApp\app\Controllers\Gastronomia.php(48): App\Controllers\Gastronomia->insert()
#9 C:\xampp\htdocs\TeziuApp\system\CodeIgniter.php(919): App\Controllers\Gastronomia->agregar()
#10 C:\xampp\htdocs\TeziuApp\system\CodeIgniter.php(494): CodeIgniter\CodeIgniter->runController(Object(App\Controllers\Gastronomia))
#11 C:\xampp\htdocs\TeziuApp\system\CodeIgniter.php(353): CodeIgniter\CodeIgniter->handleRequest(NULL, Object(Config\Cache), false)
#12 C:\xampp\htdocs\TeziuApp\public\index.php(79): CodeIgniter\CodeIgniter->run()
#13 C:\xampp\htdocs\TeziuApp\system\Commands\Server\rewrite.php(47): require_once('C:\\xampp\\htdocs...')
#14 {main}
CRITICAL - 2023-11-19 04:53:05 --> Unknown column 'nombre_restaurante' in 'field list'
in SYSTEMPATH\Database\BaseConnection.php on line 646.
 1 SYSTEMPATH\Database\BaseBuilder.php(2308): CodeIgniter\Database\BaseConnection->query('INSERT INTO `lugaresturisticos` (`nombre_restaurante`, `tipo_comida`, `tipo_cocina`, `capacidad`, `direccion`, `telefono`, `descripcion`) VALUES (:nombre_restaurante:, :tipo_comida:, :tipo_cocina:, :capacidad:, :direccion:, :telefono:, :descripcion:)', [...], false)
 2 SYSTEMPATH\Model.php(319): CodeIgniter\Database\BaseBuilder->insert()
 3 SYSTEMPATH\BaseModel.php(788): CodeIgniter\Model->doInsert([...])
 4 SYSTEMPATH\Model.php(715): CodeIgniter\BaseModel->insert([...], false)
 5 APPPATH\Controllers\Gastronomia.php(67): CodeIgniter\Model->insert([...], false)
 6 APPPATH\Controllers\Gastronomia.php(48): App\Controllers\Gastronomia->insert()
 7 SYSTEMPATH\CodeIgniter.php(919): App\Controllers\Gastronomia->agregar()
 8 SYSTEMPATH\CodeIgniter.php(494): CodeIgniter\CodeIgniter->runController(Object(App\Controllers\Gastronomia))
 9 SYSTEMPATH\CodeIgniter.php(353): CodeIgniter\CodeIgniter->handleRequest(null, Object(Config\Cache), false)
10 FCPATH\index.php(79): CodeIgniter\CodeIgniter->run()
11 SYSTEMPATH\Commands\Server\rewrite.php(47): require_once('C:\\xampp\\htdocs\\TeziuApp\\public\\index.php')
ERROR - 2023-11-19 04:53:59 --> mysqli_sql_exception: Unknown column 'nombre_restaurante' in 'field list' in C:\xampp\htdocs\TeziuApp\system\Database\MySQLi\Connection.php:306
Stack trace:
#0 C:\xampp\htdocs\TeziuApp\system\Database\MySQLi\Connection.php(306): mysqli->query('INSERT INTO `lu...', 0)
#1 C:\xampp\htdocs\TeziuApp\system\Database\BaseConnection.php(692): CodeIgniter\Database\MySQLi\Connection->execute('INSERT INTO `lu...')
#2 C:\xampp\htdocs\TeziuApp\system\Database\BaseConnection.php(606): CodeIgniter\Database\BaseConnection->simpleQuery('INSERT INTO `lu...')
#3 C:\xampp\htdocs\TeziuApp\system\Database\BaseBuilder.php(2308): CodeIgniter\Database\BaseConnection->query('INSERT INTO `lu...', Array, false)
#4 C:\xampp\htdocs\TeziuApp\system\Model.php(319): CodeIgniter\Database\BaseBuilder->insert()
#5 C:\xampp\htdocs\TeziuApp\system\BaseModel.php(788): CodeIgniter\Model->doInsert(Array)
#6 C:\xampp\htdocs\TeziuApp\system\Model.php(715): CodeIgniter\BaseModel->insert(Array, false)
#7 C:\xampp\htdocs\TeziuApp\app\Controllers\Gastronomia.php(67): CodeIgniter\Model->insert(Array, false)
#8 C:\xampp\htdocs\TeziuApp\app\Controllers\Gastronomia.php(48): App\Controllers\Gastronomia->insert()
#9 C:\xampp\htdocs\TeziuApp\system\CodeIgniter.php(919): App\Controllers\Gastronomia->agregar()
#10 C:\xampp\htdocs\TeziuApp\system\CodeIgniter.php(494): CodeIgniter\CodeIgniter->runController(Object(App\Controllers\Gastronomia))
#11 C:\xampp\htdocs\TeziuApp\system\CodeIgniter.php(353): CodeIgniter\CodeIgniter->handleRequest(NULL, Object(Config\Cache), false)
#12 C:\xampp\htdocs\TeziuApp\public\index.php(79): CodeIgniter\CodeIgniter->run()
#13 C:\xampp\htdocs\TeziuApp\system\Commands\Server\rewrite.php(47): require_once('C:\\xampp\\htdocs...')
#14 {main}
CRITICAL - 2023-11-19 04:53:59 --> Unknown column 'nombre_restaurante' in 'field list'
in SYSTEMPATH\Database\BaseConnection.php on line 646.
 1 SYSTEMPATH\Database\BaseBuilder.php(2308): CodeIgniter\Database\BaseConnection->query('INSERT INTO `lugaresturisticos` (`nombre_restaurante`, `tipo_comida`, `tipo_cocina`, `capacidad`, `direccion`, `telefono`, `descripcion`) VALUES (:nombre_restaurante:, :tipo_comida:, :tipo_cocina:, :capacidad:, :direccion:, :telefono:, :descripcion:)', [...], false)
 2 SYSTEMPATH\Model.php(319): CodeIgniter\Database\BaseBuilder->insert()
 3 SYSTEMPATH\BaseModel.php(788): CodeIgniter\Model->doInsert([...])
 4 SYSTEMPATH\Model.php(715): CodeIgniter\BaseModel->insert([...], false)
 5 APPPATH\Controllers\Gastronomia.php(67): CodeIgniter\Model->insert([...], false)
 6 APPPATH\Controllers\Gastronomia.php(48): App\Controllers\Gastronomia->insert()
 7 SYSTEMPATH\CodeIgniter.php(919): App\Controllers\Gastronomia->agregar()
 8 SYSTEMPATH\CodeIgniter.php(494): CodeIgniter\CodeIgniter->runController(Object(App\Controllers\Gastronomia))
 9 SYSTEMPATH\CodeIgniter.php(353): CodeIgniter\CodeIgniter->handleRequest(null, Object(Config\Cache), false)
10 FCPATH\index.php(79): CodeIgniter\CodeIgniter->run()
11 SYSTEMPATH\Commands\Server\rewrite.php(47): require_once('C:\\xampp\\htdocs\\TeziuApp\\public\\index.php')
ERROR - 2023-11-19 04:54:15 --> mysqli_sql_exception: Unknown column 'nombre_restaurante' in 'field list' in C:\xampp\htdocs\TeziuApp\system\Database\MySQLi\Connection.php:306
Stack trace:
#0 C:\xampp\htdocs\TeziuApp\system\Database\MySQLi\Connection.php(306): mysqli->query('INSERT INTO `lu...', 0)
#1 C:\xampp\htdocs\TeziuApp\system\Database\BaseConnection.php(692): CodeIgniter\Database\MySQLi\Connection->execute('INSERT INTO `lu...')
#2 C:\xampp\htdocs\TeziuApp\system\Database\BaseConnection.php(606): CodeIgniter\Database\BaseConnection->simpleQuery('INSERT INTO `lu...')
#3 C:\xampp\htdocs\TeziuApp\system\Database\BaseBuilder.php(2308): CodeIgniter\Database\BaseConnection->query('INSERT INTO `lu...', Array, false)
#4 C:\xampp\htdocs\TeziuApp\system\Model.php(319): CodeIgniter\Database\BaseBuilder->insert()
#5 C:\xampp\htdocs\TeziuApp\system\BaseModel.php(788): CodeIgniter\Model->doInsert(Array)
#6 C:\xampp\htdocs\TeziuApp\system\Model.php(715): CodeIgniter\BaseModel->insert(Array, false)
#7 C:\xampp\htdocs\TeziuApp\app\Controllers\Gastronomia.php(67): CodeIgniter\Model->insert(Array, false)
#8 C:\xampp\htdocs\TeziuApp\app\Controllers\Gastronomia.php(48): App\Controllers\Gastronomia->insert()
#9 C:\xampp\htdocs\TeziuApp\system\CodeIgniter.php(919): App\Controllers\Gastronomia->agregar()
#10 C:\xampp\htdocs\TeziuApp\system\CodeIgniter.php(494): CodeIgniter\CodeIgniter->runController(Object(App\Controllers\Gastronomia))
#11 C:\xampp\htdocs\TeziuApp\system\CodeIgniter.php(353): CodeIgniter\CodeIgniter->handleRequest(NULL, Object(Config\Cache), false)
#12 C:\xampp\htdocs\TeziuApp\public\index.php(79): CodeIgniter\CodeIgniter->run()
#13 C:\xampp\htdocs\TeziuApp\system\Commands\Server\rewrite.php(47): require_once('C:\\xampp\\htdocs...')
#14 {main}
CRITICAL - 2023-11-19 04:54:15 --> Unknown column 'nombre_restaurante' in 'field list'
in SYSTEMPATH\Database\BaseConnection.php on line 646.
 1 SYSTEMPATH\Database\BaseBuilder.php(2308): CodeIgniter\Database\BaseConnection->query('INSERT INTO `lugaresturisticos` (`nombre_restaurante`, `tipo_comida`, `tipo_cocina`, `capacidad`, `direccion`, `telefono`, `descripcion`) VALUES (:nombre_restaurante:, :tipo_comida:, :tipo_cocina:, :capacidad:, :direccion:, :telefono:, :descripcion:)', [...], false)
 2 SYSTEMPATH\Model.php(319): CodeIgniter\Database\BaseBuilder->insert()
 3 SYSTEMPATH\BaseModel.php(788): CodeIgniter\Model->doInsert([...])
 4 SYSTEMPATH\Model.php(715): CodeIgniter\BaseModel->insert([...], false)
 5 APPPATH\Controllers\Gastronomia.php(67): CodeIgniter\Model->insert([...], false)
 6 APPPATH\Controllers\Gastronomia.php(48): App\Controllers\Gastronomia->insert()
 7 SYSTEMPATH\CodeIgniter.php(919): App\Controllers\Gastronomia->agregar()
 8 SYSTEMPATH\CodeIgniter.php(494): CodeIgniter\CodeIgniter->runController(Object(App\Controllers\Gastronomia))
 9 SYSTEMPATH\CodeIgniter.php(353): CodeIgniter\CodeIgniter->handleRequest(null, Object(Config\Cache), false)
10 FCPATH\index.php(79): CodeIgniter\CodeIgniter->run()
11 SYSTEMPATH\Commands\Server\rewrite.php(47): require_once('C:\\xampp\\htdocs\\TeziuApp\\public\\index.php')
ERROR - 2023-11-19 05:00:51 --> mysqli_sql_exception: Duplicate entry '0' for key 'PRIMARY' in C:\xampp\htdocs\TeziuApp\system\Database\MySQLi\Connection.php:306
Stack trace:
#0 C:\xampp\htdocs\TeziuApp\system\Database\MySQLi\Connection.php(306): mysqli->query('INSERT INTO `ga...', 0)
#1 C:\xampp\htdocs\TeziuApp\system\Database\BaseConnection.php(692): CodeIgniter\Database\MySQLi\Connection->execute('INSERT INTO `ga...')
#2 C:\xampp\htdocs\TeziuApp\system\Database\BaseConnection.php(606): CodeIgniter\Database\BaseConnection->simpleQuery('INSERT INTO `ga...')
#3 C:\xampp\htdocs\TeziuApp\system\Database\BaseBuilder.php(2308): CodeIgniter\Database\BaseConnection->query('INSERT INTO `ga...', Array, false)
#4 C:\xampp\htdocs\TeziuApp\system\Model.php(319): CodeIgniter\Database\BaseBuilder->insert()
#5 C:\xampp\htdocs\TeziuApp\system\BaseModel.php(788): CodeIgniter\Model->doInsert(Array)
#6 C:\xampp\htdocs\TeziuApp\system\Model.php(715): CodeIgniter\BaseModel->insert(Array, false)
#7 C:\xampp\htdocs\TeziuApp\app\Controllers\Gastronomia.php(67): CodeIgniter\Model->insert(Array, false)
#8 C:\xampp\htdocs\TeziuApp\app\Controllers\Gastronomia.php(48): App\Controllers\Gastronomia->insert()
#9 C:\xampp\htdocs\TeziuApp\system\CodeIgniter.php(919): App\Controllers\Gastronomia->agregar()
#10 C:\xampp\htdocs\TeziuApp\system\CodeIgniter.php(494): CodeIgniter\CodeIgniter->runController(Object(App\Controllers\Gastronomia))
#11 C:\xampp\htdocs\TeziuApp\system\CodeIgniter.php(353): CodeIgniter\CodeIgniter->handleRequest(NULL, Object(Config\Cache), false)
#12 C:\xampp\htdocs\TeziuApp\public\index.php(79): CodeIgniter\CodeIgniter->run()
#13 C:\xampp\htdocs\TeziuApp\system\Commands\Server\rewrite.php(47): require_once('C:\\xampp\\htdocs...')
#14 {main}
CRITICAL - 2023-11-19 05:00:51 --> Duplicate entry '0' for key 'PRIMARY'
in SYSTEMPATH\Database\BaseConnection.php on line 646.
 1 SYSTEMPATH\Database\BaseBuilder.php(2308): CodeIgniter\Database\BaseConnection->query('INSERT INTO `gastronomia` (`nombre_restaurante`, `tipo_comida`, `tipo_cocina`, `capacidad`, `direccion`, `telefono`, `descripcion`) VALUES (:nombre_restaurante:, :tipo_comida:, :tipo_cocina:, :capacidad:, :direccion:, :telefono:, :descripcion:)', [...], false)
 2 SYSTEMPATH\Model.php(319): CodeIgniter\Database\BaseBuilder->insert()
 3 SYSTEMPATH\BaseModel.php(788): CodeIgniter\Model->doInsert([...])
 4 SYSTEMPATH\Model.php(715): CodeIgniter\BaseModel->insert([...], false)
 5 APPPATH\Controllers\Gastronomia.php(67): CodeIgniter\Model->insert([...], false)
 6 APPPATH\Controllers\Gastronomia.php(48): App\Controllers\Gastronomia->insert()
 7 SYSTEMPATH\CodeIgniter.php(919): App\Controllers\Gastronomia->agregar()
 8 SYSTEMPATH\CodeIgniter.php(494): CodeIgniter\CodeIgniter->runController(Object(App\Controllers\Gastronomia))
 9 SYSTEMPATH\CodeIgniter.php(353): CodeIgniter\CodeIgniter->handleRequest(null, Object(Config\Cache), false)
10 FCPATH\index.php(79): CodeIgniter\CodeIgniter->run()
11 SYSTEMPATH\Commands\Server\rewrite.php(47): require_once('C:\\xampp\\htdocs\\TeziuApp\\public\\index.php')
ERROR - 2023-11-19 05:02:22 --> mysqli_sql_exception: Duplicate entry '0' for key 'PRIMARY' in C:\xampp\htdocs\TeziuApp\system\Database\MySQLi\Connection.php:306
Stack trace:
#0 C:\xampp\htdocs\TeziuApp\system\Database\MySQLi\Connection.php(306): mysqli->query('INSERT INTO `ga...', 0)
#1 C:\xampp\htdocs\TeziuApp\system\Database\BaseConnection.php(692): CodeIgniter\Database\MySQLi\Connection->execute('INSERT INTO `ga...')
#2 C:\xampp\htdocs\TeziuApp\system\Database\BaseConnection.php(606): CodeIgniter\Database\BaseConnection->simpleQuery('INSERT INTO `ga...')
#3 C:\xampp\htdocs\TeziuApp\system\Database\BaseBuilder.php(2308): CodeIgniter\Database\BaseConnection->query('INSERT INTO `ga...', Array, false)
#4 C:\xampp\htdocs\TeziuApp\system\Model.php(319): CodeIgniter\Database\BaseBuilder->insert()
#5 C:\xampp\htdocs\TeziuApp\system\BaseModel.php(788): CodeIgniter\Model->doInsert(Array)
#6 C:\xampp\htdocs\TeziuApp\system\Model.php(715): CodeIgniter\BaseModel->insert(Array, false)
#7 C:\xampp\htdocs\TeziuApp\app\Controllers\Gastronomia.php(67): CodeIgniter\Model->insert(Array, false)
#8 C:\xampp\htdocs\TeziuApp\app\Controllers\Gastronomia.php(48): App\Controllers\Gastronomia->insert()
#9 C:\xampp\htdocs\TeziuApp\system\CodeIgniter.php(919): App\Controllers\Gastronomia->agregar()
#10 C:\xampp\htdocs\TeziuApp\system\CodeIgniter.php(494): CodeIgniter\CodeIgniter->runController(Object(App\Controllers\Gastronomia))
#11 C:\xampp\htdocs\TeziuApp\system\CodeIgniter.php(353): CodeIgniter\CodeIgniter->handleRequest(NULL, Object(Config\Cache), false)
#12 C:\xampp\htdocs\TeziuApp\public\index.php(79): CodeIgniter\CodeIgniter->run()
#13 C:\xampp\htdocs\TeziuApp\system\Commands\Server\rewrite.php(47): require_once('C:\\xampp\\htdocs...')
#14 {main}
CRITICAL - 2023-11-19 05:02:22 --> Duplicate entry '0' for key 'PRIMARY'
in SYSTEMPATH\Database\BaseConnection.php on line 646.
 1 SYSTEMPATH\Database\BaseBuilder.php(2308): CodeIgniter\Database\BaseConnection->query('INSERT INTO `gastronomia` (`nombre_restaurante`, `tipo_comida`, `tipo_cocina`, `capacidad`, `direccion`, `telefono`, `descripcion`) VALUES (:nombre_restaurante:, :tipo_comida:, :tipo_cocina:, :capacidad:, :direccion:, :telefono:, :descripcion:)', [...], false)
 2 SYSTEMPATH\Model.php(319): CodeIgniter\Database\BaseBuilder->insert()
 3 SYSTEMPATH\BaseModel.php(788): CodeIgniter\Model->doInsert([...])
 4 SYSTEMPATH\Model.php(715): CodeIgniter\BaseModel->insert([...], false)
 5 APPPATH\Controllers\Gastronomia.php(67): CodeIgniter\Model->insert([...], false)
 6 APPPATH\Controllers\Gastronomia.php(48): App\Controllers\Gastronomia->insert()
 7 SYSTEMPATH\CodeIgniter.php(919): App\Controllers\Gastronomia->agregar()
 8 SYSTEMPATH\CodeIgniter.php(494): CodeIgniter\CodeIgniter->runController(Object(App\Controllers\Gastronomia))
 9 SYSTEMPATH\CodeIgniter.php(353): CodeIgniter\CodeIgniter->handleRequest(null, Object(Config\Cache), false)
10 FCPATH\index.php(79): CodeIgniter\CodeIgniter->run()
11 SYSTEMPATH\Commands\Server\rewrite.php(47): require_once('C:\\xampp\\htdocs\\TeziuApp\\public\\index.php')
ERROR - 2023-11-19 05:06:37 --> mysqli_sql_exception: Table 'teziuappemm.gastronomia' doesn't exist in C:\xampp\htdocs\TeziuApp\system\Database\MySQLi\Connection.php:306
Stack trace:
#0 C:\xampp\htdocs\TeziuApp\system\Database\MySQLi\Connection.php(306): mysqli->query('INSERT INTO `ga...', 0)
#1 C:\xampp\htdocs\TeziuApp\system\Database\BaseConnection.php(692): CodeIgniter\Database\MySQLi\Connection->execute('INSERT INTO `ga...')
#2 C:\xampp\htdocs\TeziuApp\system\Database\BaseConnection.php(606): CodeIgniter\Database\BaseConnection->simpleQuery('INSERT INTO `ga...')
#3 C:\xampp\htdocs\TeziuApp\system\Database\BaseBuilder.php(2308): CodeIgniter\Database\BaseConnection->query('INSERT INTO `ga...', Array, false)
#4 C:\xampp\htdocs\TeziuApp\system\Model.php(319): CodeIgniter\Database\BaseBuilder->insert()
#5 C:\xampp\htdocs\TeziuApp\system\BaseModel.php(788): CodeIgniter\Model->doInsert(Array)
#6 C:\xampp\htdocs\TeziuApp\system\Model.php(715): CodeIgniter\BaseModel->insert(Array, false)
#7 C:\xampp\htdocs\TeziuApp\app\Controllers\Gastronomia.php(67): CodeIgniter\Model->insert(Array, false)
#8 C:\xampp\htdocs\TeziuApp\app\Controllers\Gastronomia.php(48): App\Controllers\Gastronomia->insert()
#9 C:\xampp\htdocs\TeziuApp\system\CodeIgniter.php(919): App\Controllers\Gastronomia->agregar()
#10 C:\xampp\htdocs\TeziuApp\system\CodeIgniter.php(494): CodeIgniter\CodeIgniter->runController(Object(App\Controllers\Gastronomia))
#11 C:\xampp\htdocs\TeziuApp\system\CodeIgniter.php(353): CodeIgniter\CodeIgniter->handleRequest(NULL, Object(Config\Cache), false)
#12 C:\xampp\htdocs\TeziuApp\public\index.php(79): CodeIgniter\CodeIgniter->run()
#13 C:\xampp\htdocs\TeziuApp\system\Commands\Server\rewrite.php(47): require_once('C:\\xampp\\htdocs...')
#14 {main}
CRITICAL - 2023-11-19 05:06:37 --> Table 'teziuappemm.gastronomia' doesn't exist
in SYSTEMPATH\Database\BaseConnection.php on line 646.
 1 SYSTEMPATH\Database\BaseBuilder.php(2308): CodeIgniter\Database\BaseConnection->query('INSERT INTO `gastronomia` (`nombre_restaurante`, `tipo_comida`, `tipo_cocina`, `capacidad`, `direccion`, `telefono`, `descripcion`) VALUES (:nombre_restaurante:, :tipo_comida:, :tipo_cocina:, :capacidad:, :direccion:, :telefono:, :descripcion:)', [...], false)
 2 SYSTEMPATH\Model.php(319): CodeIgniter\Database\BaseBuilder->insert()
 3 SYSTEMPATH\BaseModel.php(788): CodeIgniter\Model->doInsert([...])
 4 SYSTEMPATH\Model.php(715): CodeIgniter\BaseModel->insert([...], false)
 5 APPPATH\Controllers\Gastronomia.php(67): CodeIgniter\Model->insert([...], false)
 6 APPPATH\Controllers\Gastronomia.php(48): App\Controllers\Gastronomia->insert()
 7 SYSTEMPATH\CodeIgniter.php(919): App\Controllers\Gastronomia->agregar()
 8 SYSTEMPATH\CodeIgniter.php(494): CodeIgniter\CodeIgniter->runController(Object(App\Controllers\Gastronomia))
 9 SYSTEMPATH\CodeIgniter.php(353): CodeIgniter\CodeIgniter->handleRequest(null, Object(Config\Cache), false)
10 FCPATH\index.php(79): CodeIgniter\CodeIgniter->run()
11 SYSTEMPATH\Commands\Server\rewrite.php(47): require_once('C:\\xampp\\htdocs\\TeziuApp\\public\\index.php')
